#
# A fatal error has been detected by the Java Runtime Environment:
#
#  Internal Error (jvmciRuntime.cpp:1609), pid=33, tid=47
#  fatal error: Fatal exception in JVMCI: Error calling jdk.vm.ci.services.Services.serializeSavedProperties
#
# JRE version: OpenJDK Runtime Environment GraalVM CE 22.3.0 (17.0.5+8) (build 17.0.5+8-jvmci-22.3-b08)
# Java VM: OpenJDK 64-Bit Server VM GraalVM CE 22.3.0 (17.0.5+8-jvmci-22.3-b08, mixed mode, sharing, tiered, jvmci, jvmci compiler, compressed oops, compressed class ptrs, parallel gc, linux-amd64)
# Problematic frame:
# V  [libjvm.so+0x972714]  JVMCIRuntime::fatal_exception(JVMCIEnv*, char const*)+0x74
#
# Core dump will be written. Default location: Core dumps may be processed with "/usr/share/apport/apport -p%p -s%s -c%c -d%d -P%P -u%u -g%g -- %E" (or dumping to /home/runner/Calculadora-java/core.33)
#
# If you would like to submit a bug report, please visit:
#   https://github.com/oracle/graal/issues
#

---------------  S U M M A R Y ------------

Command Line: -XX:ThreadPriorityPolicy=1 -XX:+UnlockExperimentalVMOptions -XX:+EnableJVMCIProduct -XX:JVMCIThreadsPerNativeLibraryRuntime=1 -XX:-UnlockExperimentalVMOptions -Declipse.application=org.eclipse.jdt.ls.core.id1 -Dosgi.bundles.defaultStartLevel=4 -Declipse.product=org.eclipse.jdt.ls.core.product -Dlog.level=ALL -Xverify:none -XX:+UseParallelGC -XX:GCTimeRatio=4 -XX:AdaptiveSizePolicyWeight=90 -Dsun.zip.disableMemoryMapping=true -Xmx512m -Xms100m /nix/store/m6gcpi1ii6rghy04cjwjddcavv7i90df-jdt-language-server-1.9.0/share/java/plugins/org.eclipse.equinox.launcher_1.6.400.v20210924-0641.jar --add-modules=ALL-SYSTEM --add-opens java.base/java.util=ALL-UNNAMED --add-opens java.base/java.lang=ALL-UNNAMED -configuration /home/runner/.cache/jdt-language-server/config -data /home/runner/.cache/jdt-language-server/data/home/runner/Calculadora-java

Host: AMD EPYC 7B12, 8 cores, 1G, Ubuntu 20.04.2 LTS
Time: Wed May 17 03:14:33 2023 UTC elapsed time: 289.811291 seconds (0d 0h 4m 49s)

---------------  T H R E A D  ---------------

Current thread (0x00007fcf500b21e0):  JavaThread "JVMCI-native CompilerThread0" daemon [_thread_in_vm, id=47, stack(0x00007fcf35700000,0x00007fcf35900000)]


Current CompileTask:
JVMCI-native: 289812 9249       4       java.util.concurrent.locks.AbstractQueuedSynchronizer$ConditionObject::signal (34 bytes)

Stack: [0x00007fcf35700000,0x00007fcf35900000],  sp=0x00007fcf358fe380,  free space=2040k
Native frames: (J=compiled Java code, j=interpreted, Vv=VM code, C=native code)
V  [libjvm.so+0x972714]  JVMCIRuntime::fatal_exception(JVMCIEnv*, char const*)+0x74
V  [libjvm.so+0x93e2fe]  JVMCIEnv::copy_saved_properties()+0x14e
V  [libjvm.so+0x9732a9]  JVMCIRuntime::initialize(JVMCIEnv*)+0xb19
V  [libjvm.so+0x9738a2]  JVMCIRuntime::get_HotSpotJVMCIRuntime(JVMCIEnv*)+0x12
V  [libjvm.so+0x9749f2]  JVMCIRuntime::compile_method(JVMCIEnv*, JVMCICompiler*, methodHandle const&, int)+0xd2
V  [libjvm.so+0x5b0d20]  CompileBroker::invoke_compiler_on_method(CompileTask*)+0x1470
V  [libjvm.so+0x5b12e8]  CompileBroker::compiler_thread_loop()+0x528
V  [libjvm.so+0xd82460]  JavaThread::thread_main_inner()+0xd0
V  [libjvm.so+0xd85a40]  Thread::call_run()+0xc0
V  [libjvm.so+0xbdb1e1]  thread_native_entry(Thread*)+0xe1

Register to memory mapping:

RAX=0x00007fcf55499000 points into unknown readable memory: 0x0000000000000058 | 58 00 00 00 00 00 00 00
RBX=0x00007fcf56594398: <offset 0x0000000000ef5398> in /nix/store/gpxl5qgg8kicmcvivwmybwjlpf7wh20l-graalvm17-ce-22.3.0/lib/server/libjvm.so at 0x00007fcf5569f000
RCX=0x00007fcf5654c1e8: <offset 0x0000000000ead1e8> in /nix/store/gpxl5qgg8kicmcvivwmybwjlpf7wh20l-graalvm17-ce-22.3.0/lib/server/libjvm.so at 0x00007fcf5569f000
RDX=0x0000000000000649 is an unknown value
RSP=0x00007fcf358fe380 is pointing into the stack for thread: 0x00007fcf500b21e0
RBP=0x00007fcf358fe3a0 is pointing into the stack for thread: 0x00007fcf500b21e0
RSI=0x00007fcf56594c48: <offset 0x0000000000ef5c48> in /nix/store/gpxl5qgg8kicmcvivwmybwjlpf7wh20l-graalvm17-ce-22.3.0/lib/server/libjvm.so at 0x00007fcf5569f000
RDI=0x00000000e0000000 is an oop: java.lang.String 
{0x00000000e0000000} - klass: 'java/lang/String'
 - string: "resolution"
R8 =0x00007fcf56594398: <offset 0x0000000000ef5398> in /nix/store/gpxl5qgg8kicmcvivwmybwjlpf7wh20l-graalvm17-ce-22.3.0/lib/server/libjvm.so at 0x00007fcf5569f000
R9 =0x0000000000000003 is an unknown value
R10=0x00007fcf568e5da0: <offset 0x0000000001246da0> in /nix/store/gpxl5qgg8kicmcvivwmybwjlpf7wh20l-graalvm17-ce-22.3.0/lib/server/libjvm.so at 0x00007fcf5569f000
R11=0x000000080044f048 is pointing into metadata
R12=0x0 is NULL
R13=0x00007fcf500b21e0 is a thread
R14=0x00007fcf50000b80 points into unknown readable memory: 0x00007fcf567c5a38 | 38 5a 7c 56 cf 7f 00 00
R15=0x00007fcf568d3e40: <offset 0x0000000001234e40> in /nix/store/gpxl5qgg8kicmcvivwmybwjlpf7wh20l-graalvm17-ce-22.3.0/lib/server/libjvm.so at 0x00007fcf5569f000


Registers:
RAX=0x00007fcf55499000, RBX=0x00007fcf56594398, RCX=0x00007fcf5654c1e8, RDX=0x0000000000000649
RSP=0x00007fcf358fe380, RBP=0x00007fcf358fe3a0, RSI=0x00007fcf56594c48, RDI=0x00000000e0000000
R8 =0x00007fcf56594398, R9 =0x0000000000000003, R10=0x00007fcf568e5da0, R11=0x000000080044f048
R12=0x0000000000000000, R13=0x00007fcf500b21e0, R14=0x00007fcf50000b80, R15=0x00007fcf568d3e40
RIP=0x00007fcf56011714, EFLAGS=0x0000000000010206, CSGSFS=0x002b000000000033, ERR=0x0000000000000006
  TRAPNO=0x000000000000000e

Top of Stack: (sp=0x00007fcf358fe380)
0x00007fcf358fe380:   00007fcf358fe940 00007fcf500b21e0
0x00007fcf358fe390:   00007fcf54e2a8c8 0000000800c415a8
0x00007fcf358fe3a0:   00007fcf358fe500 00007fcf55fdd2fe
0x00007fcf358fe3b0:   00007fcf358fe3e0 00007fcf358fe440 

Instructions: (pc=0x00007fcf56011714)
0x00007fcf56011614:   30 e8 f6 cf e8 ff 4c 89 e7 e8 2e 48 d1 ff 84 db
0x00007fcf56011624:   75 2a 4d 85 ed 74 04 4d 8b 6d 00 48 83 c4 08 44
0x00007fcf56011634:   89 f9 4c 89 f2 4c 89 ee 5b 4c 89 e7 41 5c 41 5d
0x00007fcf56011644:   41 5e 41 5f 5d e9 e2 47 d1 ff 66 90 48 83 c4 08
0x00007fcf56011654:   5b 41 5c 41 5d 41 5e 41 5f 5d c3 90 31 d2 be 08
0x00007fcf56011664:   00 00 00 4c 89 ff e8 b1 78 a3 ff 49 89 c5 e9 37
0x00007fcf56011674:   ff ff ff 66 0f 1f 84 00 00 00 00 00 48 8b 7a 08
0x00007fcf56011684:   e9 6d ff ff ff 0f 1f 80 00 00 00 00 e8 5b 48 0a
0x00007fcf56011694:   00 84 c0 75 89 e9 6a ff ff ff 66 90 55 48 89 e5
0x00007fcf560116a4:   41 56 41 55 41 54 49 89 fc 53 48 89 f3 66 48 8d
0x00007fcf560116b4:   3d 27 5e 85 00 66 66 48 e8 df 43 8d ff 4c 8b 28
0x00007fcf560116c4:   8b 05 be 72 8a 00 85 c0 75 14 ba 01 00 00 00 48
0x00007fcf560116d4:   8d 0d ae 72 8a 00 f0 0f b1 11 85 c0 74 4e be c8
0x00007fcf560116e4:   00 00 00 4c 89 ef e8 01 0b 41 00 48 8d 05 12 ac
0x00007fcf560116f4:   85 00 49 89 d8 48 8d 0d e8 aa 53 00 ba 49 06 00
0x00007fcf56011704:   00 48 8d 35 3c 35 58 00 bf 00 00 00 e0 48 8b 00
0x00007fcf56011714:   c6 00 58 31 c0 e8 e2 91 c6 ff 5b 41 5c 41 5d 41
0x00007fcf56011724:   5e 5d e9 55 34 26 00 0f 1f 44 00 00 48 8d 05 81
0x00007fcf56011734:   a3 8b 00 48 89 df 4c 8b 30 e8 9e 43 8d ff 48 89
0x00007fcf56011744:   de 48 89 c2 49 8b 06 4c 89 f7 ff 50 08 4c 89 f7
0x00007fcf56011754:   e8 a7 5c 27 00 4d 85 e4 74 12 be 01 00 00 00 4c
0x00007fcf56011764:   89 e7 e8 35 43 fc ff eb 82 0f 1f 00 be 01 00 00
0x00007fcf56011774:   00 4c 89 ef e8 d3 fd ff ff e9 6d ff ff ff 66 66
0x00007fcf56011784:   2e 0f 1f 84 00 00 00 00 00 0f 1f 00 55 48 89 e5
0x00007fcf56011794:   41 57 41 56 41 55 41 54 53 48 81 ec 08 02 00 00
0x00007fcf560117a4:   64 48 8b 04 25 28 00 00 00 48 89 45 c8 8b 07 83
0x00007fcf560117b4:   f8 02 0f 84 11 04 00 00 4c 8b 6f 18 49 89 ff 49
0x00007fcf560117c4:   89 f4 4d 85 ed 74 14 4c 89 ef e8 5d 57 22 00 41
0x00007fcf560117d4:   8b 07 83 f8 02 0f 84 19 04 00 00 48 8d 1d 9a 06
0x00007fcf560117e4:   8a 00 4c 8d 35 0b 3c 58 00 eb 38 90 48 85 d2 7f
0x00007fcf560117f4:   0d 48 8d 05 b4 c0 85 00 48 83 38 00 7e 0e 41 8b
0x00007fcf56011804:   77 2c 4c 89 f7 31 c0 e8 a0 b2 f7 ff 49 8b 7f 18 


Stack slot to memory mapping:
stack at sp + 0 slots: 0x00007fcf358fe940 is pointing into the stack for thread: 0x00007fcf500b21e0
stack at sp + 1 slots: 0x00007fcf500b21e0 is a thread
stack at sp + 2 slots: 0x00007fcf54e2a8c8 points into unknown readable memory: 0x6573001880c9ffff | ff ff c9 80 18 00 73 65
stack at sp + 3 slots: 0x0000000800c415a8 is a pointer to class: 
jdk.vm.ci.services.Services {0x0000000800c415a8}
 - instance size:     2
 - klass size:        65
 - access:            public final synchronized 
 - state:             fully_initialized
 - name:              'jdk/vm/ci/services/Services'
 - super:             'java/lang/Object'
 - sub:               
 - arrays:            NULL
 - methods:           Array<T>(0x00007fcf35c41ed0)
 - method ordering:   Array<T>(0x0000000800928960)
 - default_methods:   Array<T>(0x0000000000000000)
 - local interfaces:  Array<T>(0x00000008005ce810)
 - trans. interfaces: Array<T>(0x00000008005ce810)
 - constants:         constant pool [427] {0x00007fcf35c40e28} for 'jdk/vm/ci/services/Services' cache=0x00007fcf35c43600
 - class loader data:  loader data: 0x00007fcf500283f0 of 'bootstrap'
 - source file:       'Services.java'
 - class annotations:       Array<T>(0x0000000000000000)
 - class type annotations:  Array<T>(0x0000000000000000)
 - field annotations:       Array<T>(0x0000000000000000)
 - field type annotations:  Array<T>(0x0000000000000000)
 - inner classes:     Array<T>(0x00007fcf35c43368)
 - nest members:     Array<T>(0x00007fcf35c43388)
 - permitted subclasses:     Array<T>(0x00000008005ce7a0)
 - java mirror:       a 'java/lang/Class'{0x00000000e01496b8} = 'jdk/vm/ci/services/Services'
 - vtable length      5  (start addr: 0x0000000800c41778)
 - itable length      2 (start addr: 0x0000000800c417a0)
 - ---- static fields (3 words):
 - public static final 'IS_BUILDING_NATIVE_IMAGE' 'Z' @128 
 - public static final 'IS_IN_NATIVE_IMAGE' 'Z' @129 
 - private static volatile 'savedProperties' 'Ljava/util/Map;' @112 
 - static final 'JVMCI_ENABLED' 'Z' @130 
 - private static final 'servicesCache' 'Ljava/util/Map;' @116 
 - private static final 'MAX_UNICODE_IN_UTF8_LENGTH' 'I' @120 
 - private static final 'MAX_UTF8_PROPERTY_STRING_LENGTH' 'I' @124 
 - ---- non-static fields (0 words):
 - non-static oop maps: 
stack at sp + 4 slots: 0x00007fcf358fe500 is pointing into the stack for thread: 0x00007fcf500b21e0
stack at sp + 5 slots: 0x00007fcf55fdd2fe: <offset 0x000000000093e2fe> in /nix/store/gpxl5qgg8kicmcvivwmybwjlpf7wh20l-graalvm17-ce-22.3.0/lib/server/libjvm.so at 0x00007fcf5569f000
stack at sp + 6 slots: 0x00007fcf358fe3e0 is pointing into the stack for thread: 0x00007fcf500b21e0
stack at sp + 7 slots: 0x00007fcf358fe440 is pointing into the stack for thread: 0x00007fcf500b21e0


---------------  P R O C E S S  ---------------

Threads class SMR info:
_java_thread_list=0x00007fcee0000c40, length=27, elements={
0x00007fcf50026690, 0x00007fcf500a64d0, 0x00007fcf500a7910, 0x00007fcf500ae050,
0x00007fcf500af400, 0x00007fcf500b07f0, 0x00007fcf500b21e0, 0x00007fcf500b36f0,
0x00007fcf500b4b40, 0x00007fcf500dfc00, 0x00007fcf50127f40, 0x00007fcf5033c950,
0x00007fcf503708c0, 0x00007fcf50372120, 0x00007fcf50638130, 0x00007fcee40171a0,
0x00007fcee42aa7d0, 0x00007fcee430c7c0, 0x00007fcee4488e10, 0x00007fcee40f20f0,
0x00007fcf502082b0, 0x00007fcf503bba30, 0x00007fcee04383e0, 0x00007fcee0438b90,
0x00007fceb0003be0, 0x00007fcee043d1a0, 0x00007fceb4003210
}

Java Threads: ( => current thread )
  0x00007fcf50026690 JavaThread "main" [_thread_blocked, id=39, stack(0x00007fcf554ba000,0x00007fcf555ba000)]
  0x00007fcf500a64d0 JavaThread "Reference Handler" daemon [_thread_blocked, id=42, stack(0x00007fcf544d1000,0x00007fcf545d1000)]
  0x00007fcf500a7910 JavaThread "Finalizer" daemon [_thread_blocked, id=43, stack(0x00007fcf543d1000,0x00007fcf544d1000)]
  0x00007fcf500ae050 JavaThread "Signal Dispatcher" daemon [_thread_blocked, id=44, stack(0x00007fcf35b00000,0x00007fcf35c00000)]
  0x00007fcf500af400 JavaThread "Service Thread" daemon [_thread_blocked, id=45, stack(0x00007fcf35a00000,0x00007fcf35b00000)]
  0x00007fcf500b07f0 JavaThread "Monitor Deflation Thread" daemon [_thread_blocked, id=46, stack(0x00007fcf35900000,0x00007fcf35a00000)]
=>0x00007fcf500b21e0 JavaThread "JVMCI-native CompilerThread0" daemon [_thread_in_vm, id=47, stack(0x00007fcf35700000,0x00007fcf35900000)]
  0x00007fcf500b36f0 JavaThread "C1 CompilerThread0" daemon [_thread_blocked, id=48, stack(0x00007fcf35500000,0x00007fcf35700000)]
  0x00007fcf500b4b40 JavaThread "Sweeper thread" daemon [_thread_blocked, id=49, stack(0x00007fcf35400000,0x00007fcf35500000)]
  0x00007fcf500dfc00 JavaThread "Common-Cleaner" daemon [_thread_blocked, id=50, stack(0x00007fcf35300000,0x00007fcf35400000)]
  0x00007fcf50127f40 JavaThread "Notification Thread" daemon [_thread_blocked, id=51, stack(0x00007fcf35200000,0x00007fcf35300000)]
  0x00007fcf5033c950 JavaThread "Active Thread: Equinox Container: c86982b5-9c70-4fd1-af79-d17c99c5b19c" [_thread_blocked, id=67, stack(0x00007fcf34e00000,0x00007fcf34f00000)]
  0x00007fcf503708c0 JavaThread "Framework Event Dispatcher: Equinox Container: c86982b5-9c70-4fd1-af79-d17c99c5b19c" daemon [_thread_blocked, id=68, stack(0x00007fcf34c00000,0x00007fcf34d00000)]
  0x00007fcf50372120 JavaThread "Start Level: Equinox Container: c86982b5-9c70-4fd1-af79-d17c99c5b19c" daemon [_thread_blocked, id=69, stack(0x00007fcf34a00000,0x00007fcf34b00000)]
  0x00007fcf50638130 JavaThread "Refresh Thread: Equinox Container: c86982b5-9c70-4fd1-af79-d17c99c5b19c" daemon [_thread_blocked, id=70, stack(0x00007fcf34800000,0x00007fcf34900000)]
  0x00007fcee40171a0 JavaThread "SCR Component Actor" daemon [_thread_blocked, id=79, stack(0x00007fcf34600000,0x00007fcf34700000)]
  0x00007fcee42aa7d0 JavaThread "Worker-JM" [_thread_blocked, id=89, stack(0x00007fcf34200000,0x00007fcf34300000)]
  0x00007fcee430c7c0 JavaThread "Worker-0" [_thread_blocked, id=90, stack(0x00007fcf34000000,0x00007fcf34100000)]
  0x00007fcee4488e10 JavaThread "Java indexing" daemon [_thread_blocked, id=92, stack(0x00007fcefc700000,0x00007fcefc800000)]
  0x00007fcee40f20f0 JavaThread "Bundle File Closer" daemon [_thread_blocked, id=101, stack(0x00007fcefc500000,0x00007fcefc600000)]
  0x00007fcf502082b0 JavaThread "pool-3-thread-1" [_thread_blocked, id=102, stack(0x00007fcefc300000,0x00007fcefc400000)]
  0x00007fcf503bba30 JavaThread "pool-2-thread-1" [_thread_in_native, id=107, stack(0x00007fcefbf00000,0x00007fcefc000000)]
  0x00007fcee04383e0 JavaThread "OkHttp repo.maven.apache.org" [_thread_in_native, id=193, stack(0x00007fcefbb00000,0x00007fcefbc00000)]
  0x00007fcee0438b90 JavaThread "OkHttp ConnectionPool" daemon [_thread_blocked, id=194, stack(0x00007fcf34d00000,0x00007fcf34e00000)]
  0x00007fceb0003be0 JavaThread "OkHttp repo.maven.apache.org Writer" [_thread_blocked, id=197, stack(0x00007fcf34300000,0x00007fcf34400000)]
  0x00007fcee043d1a0 JavaThread "Okio Watchdog" daemon [_thread_blocked, id=199, stack(0x00007fcefbe00000,0x00007fcefbf00000)]
  0x00007fceb4003210 JavaThread "Worker-5" [_thread_blocked, id=210, stack(0x00007fcefb900000,0x00007fcefba00000)]

Other Threads:
  0x00007fcf500a1c10 VMThread "VM Thread" [stack: 0x00007fcf545d3000,0x00007fcf546d3000] [id=41] _threads_hazard_ptr=0x00007fcee0000c40
  0x00007fcf501298e0 WatcherThread [stack: 0x00007fcf35100000,0x00007fcf35200000] [id=52]
  0x00007fcf5003df30 GCTaskThread "GC Thread#0" [stack: 0x00007fcf5507d000,0x00007fcf5517d000] [id=40]

Threads with active compile tasks:
JVMCI-native CompilerThread0   289943 9249       4       java.util.concurrent.locks.AbstractQueuedSynchronizer$ConditionObject::signal (34 bytes)

VM state: synchronizing (normal execution)

VM Mutex/Monitor currently owned by a thread:  ([mutex/lock_event])
[0x00007fcf50023840] Threads_lock - owner thread: 0x00007fcf500a1c10
[0x00007fcf50023ff0] Heap_lock - owner thread: 0x00007fcee4488e10

OutOfMemory and StackOverflow Exception counts:
OutOfMemoryError java_heap_errors=2
LinkageErrors=66

Heap address: 0x00000000e0000000, size: 512 MB, Compressed Oops mode: 32-bit

CDS archive(s) mapped at: [0x0000000800000000-0x0000000800bc8000-0x0000000800bc8000), size 12353536, SharedBaseAddress: 0x0000000800000000, ArchiveRelocationMode: 0.
Compressed class space mapped at: 0x0000000800c00000-0x0000000840c00000, reserved size: 1073741824
Narrow klass base: 0x0000000800000000, Narrow klass shift: 0, Narrow klass range: 0x100000000

GC Precious Log:
 CPUs: 8 total, 1 available
 Memory: 1024M
 Large Page Support: Disabled
 NUMA Support: Disabled
 Compressed Oops: Enabled (32-bit)
 Alignments: Space 512K, Generation 512K, Heap 2M
 Heap Min Capacity: 100M
 Heap Initial Capacity: 100M
 Heap Max Capacity: 512M
 Pre-touch: Disabled
 Parallel Workers: 1

Heap:
 PSYoungGen      total 77312K, used 46591K [0x00000000f5580000, 0x00000000fc100000, 0x0000000100000000)
  eden space 46592K, 99% used [0x00000000f5580000,0x00000000f82ffff0,0x00000000f8300000)
  from space 30720K, 0% used [0x00000000f8300000,0x00000000f8300000,0x00000000fa100000)
  to   space 30720K, 0% used [0x00000000fa100000,0x00000000fa100000,0x00000000fbf00000)
 ParOldGen       total 349696K, used 349695K [0x00000000e0000000, 0x00000000f5580000, 0x00000000f5580000)
  object space 349696K, 99% used [0x00000000e0000000,0x00000000f557ffd8,0x00000000f5580000)
 Metaspace       used 59271K, committed 60480K, reserved 1105920K
  class space    used 5906K, committed 6400K, reserved 1048576K

Card table byte_map: [0x00007fcf5517d000,0x00007fcf5527e000] _byte_map_base: 0x00007fcf54a7d000

Marking Bits: (ParMarkBitMap*) 0x00007fcf568cd4c0
 Begin Bits: [0x00007fcf364b3000, 0x00007fcf36cb3000)
 End Bits:   [0x00007fcf36cb3000, 0x00007fcf374b3000)

Polling page: 0x00007fcf55497000

Metaspace:

Usage:
  Non-class:     52.11 MB used.
      Class:      5.77 MB used.
       Both:     57.88 MB used.

Virtual space:
  Non-class space:       56.00 MB reserved,      52.81 MB ( 94%) committed,  7 nodes.
      Class space:        1.00 GB reserved,       6.25 MB ( <1%) committed,  1 nodes.
             Both:        1.05 GB reserved,      59.06 MB (  5%) committed. 

Chunk freelists:
   Non-Class:  2.76 MB
       Class:  1.81 MB
        Both:  4.56 MB

MaxMetaspaceSize: unlimited
CompressedClassSpaceSize: 1.00 GB
Initial GC threshold: 21.00 MB
Current GC threshold: 98.44 MB
CDS: on
MetaspaceReclaimPolicy: balanced
 - commit_granule_bytes: 65536.
 - commit_granule_words: 8192.
 - virtual_space_node_default_size: 1048576.
 - enlarge_chunks_in_place: 1.
 - new_chunks_are_fully_committed: 0.
 - uncommit_free_chunks: 1.
 - use_allocation_guard: 0.
 - handle_deallocations: 1.


Internal statistics:

num_allocs_failed_limit: 6.
num_arena_births: 506.
num_arena_deaths: 148.
num_vsnodes_births: 8.
num_vsnodes_deaths: 0.
num_space_committed: 944.
num_space_uncommitted: 0.
num_chunks_returned_to_freelist: 209.
num_chunks_taken_from_freelist: 2843.
num_chunk_merges: 89.
num_chunk_splits: 1843.
num_chunks_enlarged: 1164.
num_purges: 2.
num_inconsistent_stats: 0.

CodeHeap 'non-profiled nmethods': size=120036Kb used=2484Kb max_used=2484Kb free=117551Kb
 bounds [0x00007fcf3ef7a000, 0x00007fcf3f1ea000, 0x00007fcf464b3000]
CodeHeap 'profiled nmethods': size=120032Kb used=14556Kb max_used=15871Kb free=105475Kb
 bounds [0x00007fcf37a42000, 0x00007fcf38a42000, 0x00007fcf3ef7a000]
CodeHeap 'non-nmethods': size=5692Kb used=1382Kb max_used=1403Kb free=4309Kb
 bounds [0x00007fcf374b3000, 0x00007fcf37723000, 0x00007fcf37a42000]
 total_blobs=7492 nmethods=6778 adapters=628
 compilation: enabled
              stopped_count=0, restarted_count=0
 full_count=0

JVMCI Events (20 events):
Event: 81.840 Thread 0x00007fcf500b21e0 compacted oop handles in JVMCI runtime 0 from 223 to 204
Event: 81.841 Thread 0x00007fcf500b21e0 compacted oop handles in JVMCI runtime 0 from 204 to 165
Event: 81.915 Thread 0x00007fcf500b21e0 compacted oop handles in JVMCI runtime 0 from 173 to 171
Event: 81.919 Thread 0x00007fcf500b21e0 compacted oop handles in JVMCI runtime 0 from 177 to 176
Event: 82.113 Thread 0x00007fcf500b21e0 compacted oop handles in JVMCI runtime 0 from 200 to 182
Event: 82.113 Thread 0x00007fcf500b21e0 compacted oop handles in JVMCI runtime 0 from 183 to 166
Event: 82.115 Thread 0x00007fcf500b21e0 compacted oop handles in JVMCI runtime 0 from 169 to 166
Event: 82.130 Thread 0x00007fcf500b21e0 compacted oop handles in JVMCI runtime 0 from 174 to 172
Event: 82.134 Thread 0x00007fcf500b21e0 compacted oop handles in JVMCI runtime 0 from 174 to 172
Event: 85.530 Thread 0x00007fcf500b21e0 detaching from JVMCI runtime 0: releasing idle compiler thread (0 other threads still attached)
Event: 85.530 Thread 0x00007fcf500b21e0 shutting down HotSpotJVMCIRuntime for JVMCI runtime 0
Event: 85.530 Thread 0x00007fcf500b21e0 shut down JVMCI runtime 0
Event: 85.535 Thread 0x00007fcf500b21e0 destroyed JavaVM[1]@0x00007fcefd69e340 for JVMCI runtime 0
Event: 85.535 Thread 0x00007fcf500b21e0 compacted oop handles in JVMCI runtime 0 from 172 to 172
Event: 85.535 Thread 0x00007fcf500b21e0 releasing handles for JVMCI runtime 0: oop handles=172, metadata handles={total=1120, live=628, blocks=35}
Event: 85.535 Thread 0x00007fcf500b21e0 detached from JVMCI runtime 0
Event: 272.311 Thread 0x00007fcf500b21e0 attached to JVMCI runtime 0
Event: 272.313 Thread 0x00007fcf500b21e0 created JavaVM[2]@0x00007fcefb19e340 for JVMCI runtime 0
Event: 277.037 Thread 0x00007fcf500b21e0 initializing JVMCI runtime 0
Event: 277.037 Thread 0x00007fcf500b21e0 done waiting for JavaVM references initialization in JVMCI runtime 0

Compilation events (20 events):
Event: 81.527 Thread 0x00007fcf500b21e0 nmethod 9201 0x00007fcf3f1e0510 code [0x00007fcf3f1e0680, 0x00007fcf3f1e06e8]
Event: 81.527 Thread 0x00007fcf500b21e0 9213       4       java.util.ArrayList::spliterator (12 bytes)
Event: 81.529 Thread 0x00007fcf500b21e0 nmethod 9213 0x00007fcf3f1e0810 code [0x00007fcf3f1e09a0, 0x00007fcf3f1e0a80]
Event: 81.529 Thread 0x00007fcf500b21e0 9199       4       java.util.stream.ReferencePipeline::filter (22 bytes)
Event: 81.537 Thread 0x00007fcf500b21e0 nmethod 9199 0x00007fcf3f1e0b90 code [0x00007fcf3f1e0d20, 0x00007fcf3f1e0ed0]
Event: 81.537 Thread 0x00007fcf500b21e0 9202       4       java.nio.file.Files::newByteChannel (36 bytes)
Event: 81.840 Thread 0x00007fcf500b21e0 nmethod 9202 0x00007fcf3f1e1110 code [0x00007fcf3f1e1380, 0x00007fcf3f1e1d50]
Event: 81.840 Thread 0x00007fcf500b21e0 9203   !   4       java.nio.file.Files::readAllBytes (127 bytes)
Event: 81.915 Thread 0x00007fcf500b21e0 nmethod 9203 0x00007fcf3f1e2a10 code [0x00007fcf3f1e2c40, 0x00007fcf3f1e36f0]
Event: 81.915 Thread 0x00007fcf500b21e0 9205       4       org.eclipse.jdt.internal.compiler.util.JrtFileSystem$$Lambda$262/0x000000080107c2f8::apply (8 bytes)
Event: 81.919 Thread 0x00007fcf500b21e0 nmethod 9205 0x00007fcf3f1e3d90 code [0x00007fcf3f1e3f20, 0x00007fcf3f1e4070]
Event: 81.919 Thread 0x00007fcf500b21e0 9206       4       jdk.internal.jrtfs.JrtFileSystemProvider::newByteChannel (10 bytes)
Event: 82.113 Thread 0x00007fcf500b21e0 nmethod 9206 0x00007fcf3f1e4210 code [0x00007fcf3f1e4420, 0x00007fcf3f1e4d30]
Event: 82.113 Thread 0x00007fcf500b21e0 9207       4       jdk.internal.jrtfs.JrtFileSystem::checkOptions (101 bytes)
Event: 82.115 Thread 0x00007fcf500b21e0 nmethod 9207 0x00007fcf3f1e5890 code [0x00007fcf3f1e5a00, 0x00007fcf3f1e5a78]
Event: 82.115 Thread 0x00007fcf500b21e0 9192       4       org.eclipse.jdt.core.Signature::toCharArray (83 bytes)
Event: 82.130 Thread 0x00007fcf500b21e0 nmethod 9192 0x00007fcf3f1e5b90 code [0x00007fcf3f1e5d40, 0x00007fcf3f1e65b0]
Event: 82.130 Thread 0x00007fcf500b21e0 9193       4       org.eclipse.jdt.core.Signature::appendTypeSignature (513 bytes)
Event: 82.134 Thread 0x00007fcf500b21e0 nmethod 9193 0x00007fcf3f1e6b90 code [0x00007fcf3f1e6d20, 0x00007fcf3f1e6e10]
Event: 272.311 Thread 0x00007fcf500b21e0 9249       4       java.util.concurrent.locks.AbstractQueuedSynchronizer$ConditionObject::signal (34 bytes)

GC Heap History (20 events):
Event: 265.030 GC heap before
{Heap before GC invocations=183 (full 98):
 PSYoungGen      total 77312K, used 46591K [0x00000000f5580000, 0x00000000fc100000, 0x0000000100000000)
  eden space 46592K, 99% used [0x00000000f5580000,0x00000000f82ffff0,0x00000000f8300000)
  from space 30720K, 0% used [0x00000000f8300000,0x00000000f8300000,0x00000000fa100000)
  to   space 30720K, 0% used [0x00000000fa100000,0x00000000fa100000,0x00000000fbf00000)
 ParOldGen       total 349696K, used 349694K [0x00000000e0000000, 0x00000000f5580000, 0x00000000f5580000)
  object space 349696K, 99% used [0x00000000e0000000,0x00000000f557f840,0x00000000f5580000)
 Metaspace       used 59271K, committed 60480K, reserved 1105920K
  class space    used 5906K, committed 6400K, reserved 1048576K
}
Event: 267.541 GC heap after
{Heap after GC invocations=183 (full 98):
 PSYoungGen      total 77312K, used 46591K [0x00000000f5580000, 0x00000000fc100000, 0x0000000100000000)
  eden space 46592K, 99% used [0x00000000f5580000,0x00000000f82ffdf8,0x00000000f8300000)
  from space 30720K, 0% used [0x00000000fa100000,0x00000000fa100000,0x00000000fbf00000)
  to   space 30720K, 0% used [0x00000000f8300000,0x00000000f8300000,0x00000000fa100000)
 ParOldGen       total 349696K, used 349693K [0x00000000e0000000, 0x00000000f5580000, 0x00000000f5580000)
  object space 349696K, 99% used [0x00000000e0000000,0x00000000f557f7f8,0x00000000f5580000)
 Metaspace       used 59271K, committed 60480K, reserved 1105920K
  class space    used 5906K, committed 6400K, reserved 1048576K
}
Event: 267.541 GC heap before
{Heap before GC invocations=184 (full 99):
 PSYoungGen      total 77312K, used 46591K [0x00000000f5580000, 0x00000000fc100000, 0x0000000100000000)
  eden space 46592K, 99% used [0x00000000f5580000,0x00000000f82ffff0,0x00000000f8300000)
  from space 30720K, 0% used [0x00000000fa100000,0x00000000fa100000,0x00000000fbf00000)
  to   space 30720K, 0% used [0x00000000f8300000,0x00000000f8300000,0x00000000fa100000)
 ParOldGen       total 349696K, used 349693K [0x00000000e0000000, 0x00000000f5580000, 0x00000000f5580000)
  object space 349696K, 99% used [0x00000000e0000000,0x00000000f557f7f8,0x00000000f5580000)
 Metaspace       used 59271K, committed 60480K, reserved 1105920K
  class space    used 5906K, committed 6400K, reserved 1048576K
}
Event: 269.839 GC heap after
{Heap after GC invocations=184 (full 99):
 PSYoungGen      total 77312K, used 46591K [0x00000000f5580000, 0x00000000fc100000, 0x0000000100000000)
  eden space 46592K, 99% used [0x00000000f5580000,0x00000000f82fffd0,0x00000000f8300000)
  from space 30720K, 0% used [0x00000000f8300000,0x00000000f8300000,0x00000000fa100000)
  to   space 30720K, 0% used [0x00000000fa100000,0x00000000fa100000,0x00000000fbf00000)
 ParOldGen       total 349696K, used 349693K [0x00000000e0000000, 0x00000000f5580000, 0x00000000f5580000)
  object space 349696K, 99% used [0x00000000e0000000,0x00000000f557f7f8,0x00000000f5580000)
 Metaspace       used 59271K, committed 60480K, reserved 1105920K
  class space    used 5906K, committed 6400K, reserved 1048576K
}
Event: 269.839 GC heap before
{Heap before GC invocations=185 (full 100):
 PSYoungGen      total 77312K, used 46592K [0x00000000f5580000, 0x00000000fc100000, 0x0000000100000000)
  eden space 46592K, 100% used [0x00000000f5580000,0x00000000f8300000,0x00000000f8300000)
  from space 30720K, 0% used [0x00000000f8300000,0x00000000f8300000,0x00000000fa100000)
  to   space 30720K, 0% used [0x00000000fa100000,0x00000000fa100000,0x00000000fbf00000)
 ParOldGen       total 349696K, used 349693K [0x00000000e0000000, 0x00000000f5580000, 0x00000000f5580000)
  object space 349696K, 99% used [0x00000000e0000000,0x00000000f557f7f8,0x00000000f5580000)
 Metaspace       used 59271K, committed 60480K, reserved 1105920K
  class space    used 5906K, committed 6400K, reserved 1048576K
}
Event: 272.311 GC heap after
{Heap after GC invocations=185 (full 100):
 PSYoungGen      total 77312K, used 46592K [0x00000000f5580000, 0x00000000fc100000, 0x0000000100000000)
  eden space 46592K, 100% used [0x00000000f5580000,0x00000000f8300000,0x00000000f8300000)
  from space 30720K, 0% used [0x00000000fa100000,0x00000000fa100000,0x00000000fbf00000)
  to   space 30720K, 0% used [0x00000000f8300000,0x00000000f8300000,0x00000000fa100000)
 ParOldGen       total 349696K, used 349693K [0x00000000e0000000, 0x00000000f5580000, 0x00000000f5580000)
  object space 349696K, 99% used [0x00000000e0000000,0x00000000f557f7f8,0x00000000f5580000)
 Metaspace       used 59271K, committed 60480K, reserved 1105920K
  class space    used 5906K, committed 6400K, reserved 1048576K
}
Event: 272.314 GC heap before
{Heap before GC invocations=186 (full 101):
 PSYoungGen      total 77312K, used 46592K [0x00000000f5580000, 0x00000000fc100000, 0x0000000100000000)
  eden space 46592K, 100% used [0x00000000f5580000,0x00000000f8300000,0x00000000f8300000)
  from space 30720K, 0% used [0x00000000fa100000,0x00000000fa100000,0x00000000fbf00000)
  to   space 30720K, 0% used [0x00000000f8300000,0x00000000f8300000,0x00000000fa100000)
 ParOldGen       total 349696K, used 349694K [0x00000000e0000000, 0x00000000f5580000, 0x00000000f5580000)
  object space 349696K, 99% used [0x00000000e0000000,0x00000000f557fb98,0x00000000f5580000)
 Metaspace       used 59271K, committed 60480K, reserved 1105920K
  class space    used 5906K, committed 6400K, reserved 1048576K
}
Event: 274.745 GC heap after
{Heap after GC invocations=186 (full 101):
 PSYoungGen      total 77312K, used 46591K [0x00000000f5580000, 0x00000000fc100000, 0x0000000100000000)
  eden space 46592K, 99% used [0x00000000f5580000,0x00000000f82fff68,0x00000000f8300000)
  from space 30720K, 0% used [0x00000000f8300000,0x00000000f8300000,0x00000000fa100000)
  to   space 30720K, 0% used [0x00000000fa100000,0x00000000fa100000,0x00000000fbf00000)
 ParOldGen       total 349696K, used 349694K [0x00000000e0000000, 0x00000000f5580000, 0x00000000f5580000)
  object space 349696K, 99% used [0x00000000e0000000,0x00000000f557fb98,0x00000000f5580000)
 Metaspace       used 59271K, committed 60480K, reserved 1105920K
  class space    used 5906K, committed 6400K, reserved 1048576K
}
Event: 274.745 GC heap before
{Heap before GC invocations=187 (full 102):
 PSYoungGen      total 77312K, used 46591K [0x00000000f5580000, 0x00000000fc100000, 0x0000000100000000)
  eden space 46592K, 99% used [0x00000000f5580000,0x00000000f82fff68,0x00000000f8300000)
  from space 30720K, 0% used [0x00000000f8300000,0x00000000f8300000,0x00000000fa100000)
  to   space 30720K, 0% used [0x00000000fa100000,0x00000000fa100000,0x00000000fbf00000)
 ParOldGen       total 349696K, used 349694K [0x00000000e0000000, 0x00000000f5580000, 0x00000000f5580000)
  object space 349696K, 99% used [0x00000000e0000000,0x00000000f557fb98,0x00000000f5580000)
 Metaspace       used 59271K, committed 60480K, reserved 1105920K
  class space    used 5906K, committed 6400K, reserved 1048576K
}
Event: 277.037 GC heap after
{Heap after GC invocations=187 (full 102):
 PSYoungGen      total 77312K, used 46591K [0x00000000f5580000, 0x00000000fc100000, 0x0000000100000000)
  eden space 46592K, 99% used [0x00000000f5580000,0x00000000f82fff68,0x00000000f8300000)
  from space 30720K, 0% used [0x00000000fa100000,0x00000000fa100000,0x00000000fbf00000)
  to   space 30720K, 0% used [0x00000000f8300000,0x00000000f8300000,0x00000000fa100000)
 ParOldGen       total 349696K, used 349694K [0x00000000e0000000, 0x00000000f5580000, 0x00000000f5580000)
  object space 349696K, 99% used [0x00000000e0000000,0x00000000f557fb98,0x00000000f5580000)
 Metaspace       used 59271K, committed 60480K, reserved 1105920K
  class space    used 5906K, committed 6400K, reserved 1048576K
}
Event: 277.037 GC heap before
{Heap before GC invocations=188 (full 103):
 PSYoungGen      total 77312K, used 46591K [0x00000000f5580000, 0x00000000fc100000, 0x0000000100000000)
  eden space 46592K, 99% used [0x00000000f5580000,0x00000000f82ffff8,0x00000000f8300000)
  from space 30720K, 0% used [0x00000000fa100000,0x00000000fa100000,0x00000000fbf00000)
  to   space 30720K, 0% used [0x00000000f8300000,0x00000000f8300000,0x00000000fa100000)
 ParOldGen       total 349696K, used 349694K [0x00000000e0000000, 0x00000000f5580000, 0x00000000f5580000)
  object space 349696K, 99% used [0x00000000e0000000,0x00000000f557fb98,0x00000000f5580000)
 Metaspace       used 59271K, committed 60480K, reserved 1105920K
  class space    used 5906K, committed 6400K, reserved 1048576K
}
Event: 279.621 GC heap after
{Heap after GC invocations=188 (full 103):
 PSYoungGen      total 77312K, used 46591K [0x00000000f5580000, 0x00000000fc100000, 0x0000000100000000)
  eden space 46592K, 99% used [0x00000000f5580000,0x00000000f82fffa8,0x00000000f8300000)
  from space 30720K, 0% used [0x00000000f8300000,0x00000000f8300000,0x00000000fa100000)
  to   space 30720K, 0% used [0x00000000fa100000,0x00000000fa100000,0x00000000fbf00000)
 ParOldGen       total 349696K, used 349693K [0x00000000e0000000, 0x00000000f5580000, 0x00000000f5580000)
  object space 349696K, 99% used [0x00000000e0000000,0x00000000f557f5f8,0x00000000f5580000)
 Metaspace       used 59271K, committed 60480K, reserved 1105920K
  class space    used 5906K, committed 6400K, reserved 1048576K
}
Event: 279.622 GC heap before
{Heap before GC invocations=189 (full 104):
 PSYoungGen      total 77312K, used 46592K [0x00000000f5580000, 0x00000000fc100000, 0x0000000100000000)
  eden space 46592K, 100% used [0x00000000f5580000,0x00000000f8300000,0x00000000f8300000)
  from space 30720K, 0% used [0x00000000f8300000,0x00000000f8300000,0x00000000fa100000)
  to   space 30720K, 0% used [0x00000000fa100000,0x00000000fa100000,0x00000000fbf00000)
 ParOldGen       total 349696K, used 349695K [0x00000000e0000000, 0x00000000f5580000, 0x00000000f5580000)
  object space 349696K, 99% used [0x00000000e0000000,0x00000000f557fff8,0x00000000f5580000)
 Metaspace       used 59271K, committed 60480K, reserved 1105920K
  class space    used 5906K, committed 6400K, reserved 1048576K
}
Event: 282.141 GC heap after
{Heap after GC invocations=189 (full 104):
 PSYoungGen      total 77312K, used 46591K [0x00000000f5580000, 0x00000000fc100000, 0x0000000100000000)
  eden space 46592K, 99% used [0x00000000f5580000,0x00000000f82ffc50,0x00000000f8300000)
  from space 30720K, 0% used [0x00000000fa100000,0x00000000fa100000,0x00000000fbf00000)
  to   space 30720K, 0% used [0x00000000f8300000,0x00000000f8300000,0x00000000fa100000)
 ParOldGen       total 349696K, used 349695K [0x00000000e0000000, 0x00000000f5580000, 0x00000000f5580000)
  object space 349696K, 99% used [0x00000000e0000000,0x00000000f557fff8,0x00000000f5580000)
 Metaspace       used 59271K, committed 60480K, reserved 1105920K
  class space    used 5906K, committed 6400K, reserved 1048576K
}
Event: 282.142 GC heap before
{Heap before GC invocations=190 (full 105):
 PSYoungGen      total 77312K, used 46591K [0x00000000f5580000, 0x00000000fc100000, 0x0000000100000000)
  eden space 46592K, 99% used [0x00000000f5580000,0x00000000f82ffff8,0x00000000f8300000)
  from space 30720K, 0% used [0x00000000fa100000,0x00000000fa100000,0x00000000fbf00000)
  to   space 30720K, 0% used [0x00000000f8300000,0x00000000f8300000,0x00000000fa100000)
 ParOldGen       total 349696K, used 349695K [0x00000000e0000000, 0x00000000f5580000, 0x00000000f5580000)
  object space 349696K, 99% used [0x00000000e0000000,0x00000000f557fff8,0x00000000f5580000)
 Metaspace       used 59271K, committed 60480K, reserved 1105920K
  class space    used 5906K, committed 6400K, reserved 1048576K
}
Event: 284.655 GC heap after
{Heap after GC invocations=190 (full 105):
 PSYoungGen      total 77312K, used 46591K [0x00000000f5580000, 0x00000000fc100000, 0x0000000100000000)
  eden space 46592K, 99% used [0x00000000f5580000,0x00000000f82ffdc0,0x00000000f8300000)
  from space 30720K, 0% used [0x00000000f8300000,0x00000000f8300000,0x00000000fa100000)
  to   space 30720K, 0% used [0x00000000fa100000,0x00000000fa100000,0x00000000fbf00000)
 ParOldGen       total 349696K, used 349695K [0x00000000e0000000, 0x00000000f5580000, 0x00000000f5580000)
  object space 349696K, 99% used [0x00000000e0000000,0x00000000f557ffc8,0x00000000f5580000)
 Metaspace       used 59271K, committed 60480K, reserved 1105920K
  class space    used 5906K, committed 6400K, reserved 1048576K
}
Event: 284.656 GC heap before
{Heap before GC invocations=191 (full 106):
 PSYoungGen      total 77312K, used 46591K [0x00000000f5580000, 0x00000000fc100000, 0x0000000100000000)
  eden space 46592K, 99% used [0x00000000f5580000,0x00000000f82ffef8,0x00000000f8300000)
  from space 30720K, 0% used [0x00000000f8300000,0x00000000f8300000,0x00000000fa100000)
  to   space 30720K, 0% used [0x00000000fa100000,0x00000000fa100000,0x00000000fbf00000)
 ParOldGen       total 349696K, used 349695K [0x00000000e0000000, 0x00000000f5580000, 0x00000000f5580000)
  object space 349696K, 99% used [0x00000000e0000000,0x00000000f557ffc8,0x00000000f5580000)
 Metaspace       used 59271K, committed 60480K, reserved 1105920K
  class space    used 5906K, committed 6400K, reserved 1048576K
}
Event: 287.229 GC heap after
{Heap after GC invocations=191 (full 106):
 PSYoungGen      total 77312K, used 46591K [0x00000000f5580000, 0x00000000fc100000, 0x0000000100000000)
  eden space 46592K, 99% used [0x00000000f5580000,0x00000000f82ffdf8,0x00000000f8300000)
  from space 30720K, 0% used [0x00000000fa100000,0x00000000fa100000,0x00000000fbf00000)
  to   space 30720K, 0% used [0x00000000f8300000,0x00000000f8300000,0x00000000fa100000)
 ParOldGen       total 349696K, used 349695K [0x00000000e0000000, 0x00000000f5580000, 0x00000000f5580000)
  object space 349696K, 99% used [0x00000000e0000000,0x00000000f557ffa8,0x00000000f5580000)
 Metaspace       used 59271K, committed 60480K, reserved 1105920K
  class space    used 5906K, committed 6400K, reserved 1048576K
}
Event: 287.229 GC heap before
{Heap before GC invocations=192 (full 107):
 PSYoungGen      total 77312K, used 46591K [0x00000000f5580000, 0x00000000fc100000, 0x0000000100000000)
  eden space 46592K, 99% used [0x00000000f5580000,0x00000000f82ffdf8,0x00000000f8300000)
  from space 30720K, 0% used [0x00000000fa100000,0x00000000fa100000,0x00000000fbf00000)
  to   space 30720K, 0% used [0x00000000f8300000,0x00000000f8300000,0x00000000fa100000)
 ParOldGen       total 349696K, used 349695K [0x00000000e0000000, 0x00000000f5580000, 0x00000000f5580000)
  object space 349696K, 99% used [0x00000000e0000000,0x00000000f557ffa8,0x00000000f5580000)
 Metaspace       used 59271K, committed 60480K, reserved 1105920K
  class space    used 5906K, committed 6400K, reserved 1048576K
}
Event: 289.782 GC heap after
{Heap after GC invocations=192 (full 107):
 PSYoungGen      total 77312K, used 46591K [0x00000000f5580000, 0x00000000fc100000, 0x0000000100000000)
  eden space 46592K, 99% used [0x00000000f5580000,0x00000000f82ffdf8,0x00000000f8300000)
  from space 30720K, 0% used [0x00000000f8300000,0x00000000f8300000,0x00000000fa100000)
  to   space 30720K, 0% used [0x00000000fa100000,0x00000000fa100000,0x00000000fbf00000)
 ParOldGen       total 349696K, used 349695K [0x00000000e0000000, 0x00000000f5580000, 0x00000000f5580000)
  object space 349696K, 99% used [0x00000000e0000000,0x00000000f557ffa8,0x00000000f5580000)
 Metaspace       used 59271K, committed 60480K, reserved 1105920K
  class space    used 5906K, committed 6400K, reserved 1048576K
}

Dll operation events (9 events):
Event: 0.001 Loaded shared library /nix/store/gpxl5qgg8kicmcvivwmybwjlpf7wh20l-graalvm17-ce-22.3.0/lib/libjava.so
Event: 0.006 Loaded shared library /nix/store/gpxl5qgg8kicmcvivwmybwjlpf7wh20l-graalvm17-ce-22.3.0/lib/libjsvml.so
Event: 0.149 Loaded shared library /nix/store/gpxl5qgg8kicmcvivwmybwjlpf7wh20l-graalvm17-ce-22.3.0/lib/libnio.so
Event: 0.212 Loaded shared library /nix/store/gpxl5qgg8kicmcvivwmybwjlpf7wh20l-graalvm17-ce-22.3.0/lib/libjvmcicompiler.so
Event: 0.214 Loaded shared library /nix/store/gpxl5qgg8kicmcvivwmybwjlpf7wh20l-graalvm17-ce-22.3.0/lib/libzip.so
Event: 0.712 Loaded shared library /nix/store/gpxl5qgg8kicmcvivwmybwjlpf7wh20l-graalvm17-ce-22.3.0/lib/libjimage.so
Event: 1.218 Loaded shared library /nix/store/gpxl5qgg8kicmcvivwmybwjlpf7wh20l-graalvm17-ce-22.3.0/lib/libnet.so
Event: 4.524 Loaded shared library /home/runner/.cache/jdt-language-server/config/org.eclipse.equinox.launcher/org.eclipse.equinox.launcher.gtk.linux.x86_64_1.2.400.v20211117-0650/eclipse_11600.so
Event: 14.913 Loaded shared library /nix/store/gpxl5qgg8kicmcvivwmybwjlpf7wh20l-graalvm17-ce-22.3.0/lib/libextnet.so

Deoptimization events (20 events):
Event: 79.718 Thread 0x00007fcee4488e10 DEOPT PACKING pc=0x00007fcf3850e85d sp=0x00007fcefc7fe530
Event: 79.719 Thread 0x00007fcee4488e10 DEOPT UNPACKING pc=0x00007fcf37505325 sp=0x00007fcefc7fda20 mode 0
Event: 79.721 Thread 0x00007fcee4488e10 DEOPT PACKING pc=0x00007fcf3850e85d sp=0x00007fcefc7fe530
Event: 79.721 Thread 0x00007fcee4488e10 DEOPT UNPACKING pc=0x00007fcf37505325 sp=0x00007fcefc7fda20 mode 0
Event: 79.819 Thread 0x00007fcee4488e10 DEOPT PACKING pc=0x00007fcf3850e85d sp=0x00007fcefc7fe530
Event: 79.819 Thread 0x00007fcee4488e10 DEOPT UNPACKING pc=0x00007fcf37505325 sp=0x00007fcefc7fda20 mode 0
Event: 79.840 Thread 0x00007fcee4488e10 DEOPT PACKING pc=0x00007fcf3850e85d sp=0x00007fcefc7fe530
Event: 79.840 Thread 0x00007fcee4488e10 DEOPT UNPACKING pc=0x00007fcf37505325 sp=0x00007fcefc7fda20 mode 0
Event: 79.843 Thread 0x00007fcee4488e10 DEOPT PACKING pc=0x00007fcf3850e85d sp=0x00007fcefc7fe530
Event: 79.843 Thread 0x00007fcee4488e10 DEOPT UNPACKING pc=0x00007fcf37505325 sp=0x00007fcefc7fda20 mode 0
Event: 79.846 Thread 0x00007fcee4488e10 DEOPT PACKING pc=0x00007fcf3850e85d sp=0x00007fcefc7fe530
Event: 79.846 Thread 0x00007fcee4488e10 DEOPT UNPACKING pc=0x00007fcf37505325 sp=0x00007fcefc7fda20 mode 0
Event: 79.913 Thread 0x00007fcee4488e10 DEOPT PACKING pc=0x00007fcf3850e85d sp=0x00007fcefc7fe530
Event: 79.913 Thread 0x00007fcee4488e10 DEOPT UNPACKING pc=0x00007fcf37505325 sp=0x00007fcefc7fda20 mode 0
Event: 79.914 Thread 0x00007fcee4488e10 DEOPT PACKING pc=0x00007fcf3850e85d sp=0x00007fcefc7fe530
Event: 79.915 Thread 0x00007fcee4488e10 DEOPT UNPACKING pc=0x00007fcf37505325 sp=0x00007fcefc7fda20 mode 0
Event: 277.037 Thread 0x00007fcee4488e10 Uncommon trap: trap_request=0xffffff8f fr.pc=0x00007fcf3f1d593e relative=0x00000000000011fe
Event: 277.037 Thread 0x00007fcee4488e10 Uncommon trap: reason=constraint action=none pc=0x00007fcf3f1d593e method=org.eclipse.jdt.internal.core.index.DiskIndex.copyQueryResults(Lorg/eclipse/jdt/internal/compiler/util/HashtableOfObject;I)V @ 123 jvmci
Event: 277.037 Thread 0x00007fcee4488e10 DEOPT PACKING pc=0x00007fcf3f1d593e sp=0x00007fcefc7fe530
Event: 277.037 Thread 0x00007fcee4488e10 DEOPT UNPACKING pc=0x00007fcf37505325 sp=0x00007fcefc7fda28 mode 3

Classes unloaded (20 events):
Event: 96.434 Thread 0x00007fcf500a1c10 Unloading class 0x0000000800ef0000 'jdk/internal/reflect/GeneratedConstructorAccessor8'
Event: 96.434 Thread 0x00007fcf500a1c10 Unloading class 0x0000000800d99000 'java/lang/invoke/LambdaForm$MH+0x0000000800d99000'
Event: 96.435 Thread 0x00007fcf500a1c10 Unloading class 0x0000000800d98c00 'java/lang/invoke/LambdaForm$MH+0x0000000800d98c00'
Event: 96.435 Thread 0x00007fcf500a1c10 Unloading class 0x0000000800d98800 'java/lang/invoke/LambdaForm$MH+0x0000000800d98800'
Event: 96.435 Thread 0x00007fcf500a1c10 Unloading class 0x0000000800d98400 'java/lang/invoke/LambdaForm$MH+0x0000000800d98400'
Event: 96.435 Thread 0x00007fcf500a1c10 Unloading class 0x0000000800d98000 'jdk/internal/reflect/GeneratedConstructorAccessor3'
Event: 96.435 Thread 0x00007fcf500a1c10 Unloading class 0x0000000800d06800 'java/lang/invoke/LambdaForm$MH+0x0000000800d06800'
Event: 96.435 Thread 0x00007fcf500a1c10 Unloading class 0x0000000800d06000 'java/lang/invoke/LambdaForm$MH+0x0000000800d06000'
Event: 96.435 Thread 0x00007fcf500a1c10 Unloading class 0x0000000800d05c00 'java/lang/invoke/LambdaForm$MH+0x0000000800d05c00'
Event: 96.435 Thread 0x00007fcf500a1c10 Unloading class 0x0000000800d05800 'java/lang/invoke/LambdaForm$MH+0x0000000800d05800'
Event: 96.435 Thread 0x00007fcf500a1c10 Unloading class 0x0000000800d05000 'java/lang/invoke/LambdaForm$MH+0x0000000800d05000'
Event: 96.435 Thread 0x00007fcf500a1c10 Unloading class 0x0000000800d04c00 'java/lang/invoke/LambdaForm$MH+0x0000000800d04c00'
Event: 96.435 Thread 0x00007fcf500a1c10 Unloading class 0x0000000800d04800 'java/lang/invoke/LambdaForm$MH+0x0000000800d04800'
Event: 96.435 Thread 0x00007fcf500a1c10 Unloading class 0x0000000800d04000 'java/lang/invoke/LambdaForm$MH+0x0000000800d04000'
Event: 96.435 Thread 0x00007fcf500a1c10 Unloading class 0x0000000800c1d000 'jdk/internal/reflect/GeneratedMethodAccessor5'
Event: 96.435 Thread 0x00007fcf500a1c10 Unloading class 0x0000000800c1cc00 'jdk/internal/reflect/GeneratedMethodAccessor4'
Event: 96.435 Thread 0x00007fcf500a1c10 Unloading class 0x0000000800c1c800 'jdk/internal/reflect/GeneratedMethodAccessor3'
Event: 96.435 Thread 0x00007fcf500a1c10 Unloading class 0x0000000800c1c400 'jdk/internal/reflect/GeneratedMethodAccessor2'
Event: 96.435 Thread 0x00007fcf500a1c10 Unloading class 0x0000000800c1c000 'jdk/internal/reflect/GeneratedMethodAccessor1'
Event: 96.435 Thread 0x00007fcf500a1c10 Unloading class 0x0000000800c01c00 'java/lang/invoke/LambdaForm$DMH+0x0000000800c01c00'

Classes redefined (0 events):
No events

Internal exceptions (20 events):
Event: 46.437 Thread 0x00007fced8007280 Exception <a 'java/io/FileNotFoundException'{0x00000000f598d068}> (0x00000000f598d068) 
thrown [src/hotspot/share/prims/jni.cpp, line 516]
Event: 46.645 Thread 0x00007fcee0001580 Exception <a 'java/lang/NoSuchMethodError'{0x00000000f5f8f788}: 'java.lang.Object java.lang.invoke.DirectMethodHandle$Holder.invokeStatic(java.lang.Object, java.lang.Object, java.lang.Object, long)'> (0x00000000f5f8f788) 
thrown [src/hotspot/share/interpreter/linkResolver.cpp, line 758]
Event: 46.648 Thread 0x00007fcee0001580 Exception <a 'java/lang/NoSuchMethodError'{0x00000000f5fd9c08}: 'java.lang.Object java.lang.invoke.DirectMethodHandle$Holder.newInvokeSpecial(java.lang.Object, java.lang.Object, java.lang.Object, long)'> (0x00000000f5fd9c08) 
thrown [src/hotspot/share/interpreter/linkResolver.cpp, line 758]
Event: 46.648 Thread 0x00007fcee0001580 Exception <a 'java/lang/NoSuchMethodError'{0x00000000f5fddf78}: 'java.lang.Object java.lang.invoke.DirectMethodHandle$Holder.invokeSpecial(java.lang.Object, java.lang.Object, java.lang.Object, java.lang.Object, long)'> (0x00000000f5fddf78) 
thrown [src/hotspot/share/interpreter/linkResolver.cpp, line 758]
Event: 46.649 Thread 0x00007fcee0001580 Exception <a 'java/lang/NoSuchMethodError'{0x00000000f60270e0}: 'java.lang.Object java.lang.invoke.Invokers$Holder.linkToTargetMethod(java.lang.Object, java.lang.Object, long, java.lang.Object)'> (0x00000000f60270e0) 
thrown [src/hotspot/share/interpreter/linkResolver.cpp, line 758]
Event: 46.822 Thread 0x00007fcebc000ff0 Exception <a 'java/lang/NoSuchMethodError'{0x00000000f61965c0}: 'java.lang.Object java.lang.invoke.DirectMethodHandle$Holder.newInvokeSpecial(java.lang.Object, java.lang.Object, int, java.lang.Object, java.lang.Object)'> (0x00000000f61965c0) 
thrown [src/hotspot/share/interpreter/linkResolver.cpp, line 758]
Event: 46.823 Thread 0x00007fcebc000ff0 Exception <a 'java/lang/NoSuchMethodError'{0x00000000f61a5088}: 'java.lang.Object java.lang.invoke.DirectMethodHandle$Holder.invokeSpecial(java.lang.Object, java.lang.Object, java.lang.Object, int, java.lang.Object, java.lang.Object)'> (0x00000000f61a5088) 
thrown [src/hotspot/share/interpreter/linkResolver.cpp, line 758]
Event: 46.990 Thread 0x00007fcebc000ff0 Implicit null exception at 0x00007fcf3f1369b3 to 0x00007fcf3f136c4d
Event: 47.111 Thread 0x00007fcebc000ff0 Exception <a 'java/lang/NoSuchMethodError'{0x00000000f6805890}: 'java.lang.Object java.lang.invoke.DirectMethodHandle$Holder.newInvokeSpecial(java.lang.Object, java.lang.Object, java.lang.Object, int, java.lang.Object)'> (0x00000000f6805890) 
thrown [src/hotspot/share/interpreter/linkResolver.cpp, line 758]
Event: 47.112 Thread 0x00007fcebc000ff0 Exception <a 'java/lang/NoSuchMethodError'{0x00000000f6809ca8}: 'java.lang.Object java.lang.invoke.DirectMethodHandle$Holder.invokeSpecial(java.lang.Object, java.lang.Object, java.lang.Object, java.lang.Object, int, java.lang.Object)'> (0x00000000f6809ca8) 
thrown [src/hotspot/share/interpreter/linkResolver.cpp, line 758]
Event: 47.112 Thread 0x00007fcebc000ff0 Exception <a 'java/lang/NoSuchMethodError'{0x00000000f680d9e8}: 'java.lang.Object java.lang.invoke.Invokers$Holder.linkToTargetMethod(java.lang.Object, java.lang.Object, int, java.lang.Object, java.lang.Object)'> (0x00000000f680d9e8) 
thrown [src/hotspot/share/interpreter/linkResolver.cpp, line 758]
Event: 48.423 Thread 0x00007fcee0001580 Implicit null exception at 0x00007fcf3f1705a2 to 0x00007fcf3f170932
Event: 50.328 Thread 0x00007fcee0001580 Implicit null exception at 0x00007fcf3f0c87e9 to 0x00007fcf3f0c899b
Event: 59.430 Thread 0x00007fcec0120c50 Exception <a 'java/lang/NoSuchMethodError'{0x00000000f6929c10}: 'java.lang.Object java.lang.invoke.DirectMethodHandle$Holder.invokeStatic(java.lang.Object, int, java.lang.Object, java.lang.Object, java.lang.Object, java.lang.Object)'> (0x00000000f6929c10) 
thrown [src/hotspot/share/interpreter/linkResolver.cpp, line 758]
Event: 59.435 Thread 0x00007fcec0120c50 Exception <a 'java/lang/NoSuchMethodError'{0x00000000f693b2f0}: 'java.lang.Object java.lang.invoke.DirectMethodHandle$Holder.newInvokeSpecial(java.lang.Object, int, java.lang.Object, java.lang.Object, java.lang.Object)'> (0x00000000f693b2f0) 
thrown [src/hotspot/share/interpreter/linkResolver.cpp, line 758]
Event: 60.330 Thread 0x00007fcec0121830 Exception <a 'java/lang/NoSuchMethodError'{0x00000000f6994f50}: 'void java.lang.invoke.DirectMethodHandle$Holder.invokeSpecial(java.lang.Object, java.lang.Object, int)'> (0x00000000f6994f50) 
thrown [src/hotspot/share/interpreter/linkResolver.cpp, line 758]
Event: 61.330 Thread 0x00007fcec0121830 Exception <a 'java/lang/NoSuchMethodError'{0x00000000f6804a38}: 'int java.lang.invoke.DirectMethodHandle$Holder.invokeSpecialIFC(java.lang.Object, java.lang.Object, java.lang.Object, java.lang.Object)'> (0x00000000f6804a38) 
thrown [src/hotspot/share/interpreter/linkResolver.cpp, line 758]
Event: 277.037 Thread 0x00007fcee4488e10 Exception <a 'java/lang/OutOfMemoryError'{0x00000000e00046f8}> (0x00000000e00046f8) 
thrown [src/hotspot/share/gc/shared/memAllocator.cpp, line 138]
Event: 277.037 Thread 0x00007fcee4488e10 Implicit null exception at 0x00007fcf3f1d53ae to 0x00007fcf3f1d5923
Event: 289.783 Thread 0x00007fcf500b21e0 Exception <a 'java/lang/OutOfMemoryError'{0x00000000e0003bb8}> (0x00000000e0003bb8) 
thrown [src/hotspot/share/gc/shared/memAllocator.cpp, line 136]

VM Operations (20 events):
Event: 260.245 Executing VM operation: ParallelGCFailedAllocation
Event: 262.745 Executing VM operation: ParallelGCFailedAllocation done
Event: 262.746 Executing VM operation: ParallelGCFailedAllocation
Event: 265.030 Executing VM operation: ParallelGCFailedAllocation done
Event: 265.030 Executing VM operation: ParallelGCFailedAllocation
Event: 267.541 Executing VM operation: ParallelGCFailedAllocation done
Event: 267.541 Executing VM operation: ParallelGCFailedAllocation
Event: 269.839 Executing VM operation: ParallelGCFailedAllocation done
Event: 269.839 Executing VM operation: ParallelGCFailedAllocation
Event: 272.311 Executing VM operation: ParallelGCFailedAllocation done
Event: 272.311 Executing VM operation: ParallelGCFailedAllocation
Event: 277.037 Executing VM operation: ParallelGCFailedAllocation done
Event: 277.037 Executing VM operation: ParallelGCFailedAllocation
Event: 279.621 Executing VM operation: ParallelGCFailedAllocation done
Event: 279.621 Executing VM operation: ParallelGCFailedAllocation
Event: 282.141 Executing VM operation: ParallelGCFailedAllocation done
Event: 282.141 Executing VM operation: ParallelGCFailedAllocation
Event: 284.655 Executing VM operation: ParallelGCFailedAllocation done
Event: 284.656 Executing VM operation: ParallelGCFailedAllocation
Event: 289.782 Executing VM operation: ParallelGCFailedAllocation done

Events (20 events):
Event: 60.218 Thread 0x00007fcf500b4b40 flushing nmethod 0x00007fcf38839890
Event: 60.218 Thread 0x00007fcf500b4b40 flushing nmethod 0x00007fcf3883c390
Event: 60.218 Thread 0x00007fcf500b4b40 flushing nmethod 0x00007fcf38889690
Event: 60.218 Thread 0x00007fcf500b4b40 flushing nmethod 0x00007fcf38911910
Event: 60.218 Thread 0x00007fcf500b4b40 flushing nmethod 0x00007fcf3893c490
Event: 60.218 Thread 0x00007fcf500b4b40 flushing nmethod 0x00007fcf3893cd10
Event: 60.836 loading class java/util/AbstractList$SubList
Event: 60.836 loading class java/util/AbstractList$SubList done
Event: 61.354 Thread 0x00007fcec0121830 Thread exited: 0x00007fcec0121830
Event: 61.369 Thread 0x00007fcec0120c50 Thread exited: 0x00007fcec0120c50
Event: 61.417 Thread 0x00007fcf5022f3c0 Thread exited: 0x00007fcf5022f3c0
Event: 80.032 Thread 0x00007fcf500b4b40 flushing nmethod 0x00007fcf3f034610
Event: 80.033 Thread 0x00007fcf500b4b40 flushing nmethod 0x00007fcf3f09f890
Event: 80.133 Thread 0x00007fcf500b4b40 flushing nmethod 0x00007fcf38803690
Event: 80.137 Thread 0x00007fcf500b4b40 flushing nmethod 0x00007fcf3894ab90
Event: 98.146 Thread 0x00007fceb00050a0 Thread exited: 0x00007fceb00050a0
Event: 118.165 Thread 0x00007fced80010d0 Thread exited: 0x00007fced80010d0
Event: 118.210 Thread 0x00007fcee0001580 Thread exited: 0x00007fcee0001580
Event: 118.210 Thread 0x00007fced8007280 Thread exited: 0x00007fced8007280
Event: 120.970 Thread 0x00007fcebc000ff0 Thread exited: 0x00007fcebc000ff0


Dynamic libraries:
e0000000-f5580000 rw-p 00000000 00:00 0 
f5580000-fc100000 rw-p 00000000 00:00 0 
fc100000-100000000 ---p 00000000 00:00 0 
800000000-800449000 rw-p 00001000 00:1262 4611686019135357769            /nix/store/gpxl5qgg8kicmcvivwmybwjlpf7wh20l-graalvm17-ce-22.3.0/lib/server/classes.jsa
800449000-800bc8000 r--p 0044a000 00:1262 4611686019135357769            /nix/store/gpxl5qgg8kicmcvivwmybwjlpf7wh20l-graalvm17-ce-22.3.0/lib/server/classes.jsa
800bc8000-800c00000 ---p 00000000 00:00 0 
800c00000-800c20000 rw-p 00000000 00:00 0 
800c20000-800c40000 rw-p 00000000 00:00 0 
800c40000-800cc0000 rw-p 00000000 00:00 0 
800cc0000-800d00000 rw-p 00000000 00:00 0 
800d00000-800dc0000 rw-p 00000000 00:00 0 
800dc0000-800e00000 rw-p 00000000 00:00 0 
800e00000-800f40000 rw-p 00000000 00:00 0 
800f40000-800fc0000 rw-p 00000000 00:00 0 
800fc0000-800ff0000 rw-p 00000000 00:00 0 
800ff0000-801000000 ---p 00000000 00:00 0 
801000000-801250000 rw-p 00000000 00:00 0 
801250000-840c00000 ---p 00000000 00:00 0 
5635f55f2000-5635f55f3000 r-xp 00000000 00:1262 4611686019099417844      /nix/store/gpxl5qgg8kicmcvivwmybwjlpf7wh20l-graalvm17-ce-22.3.0/bin/.java-wrapped
5635f55f4000-5635f55f5000 r--p 00001000 00:1262 4611686019099417844      /nix/store/gpxl5qgg8kicmcvivwmybwjlpf7wh20l-graalvm17-ce-22.3.0/bin/.java-wrapped
5635f55f5000-5635f55f6000 rw-p 00002000 00:1262 4611686019099417844      /nix/store/gpxl5qgg8kicmcvivwmybwjlpf7wh20l-graalvm17-ce-22.3.0/bin/.java-wrapped
5635f55f6000-5635f55f7000 rw-p 00004000 00:1262 4611686019099417844      /nix/store/gpxl5qgg8kicmcvivwmybwjlpf7wh20l-graalvm17-ce-22.3.0/bin/.java-wrapped
5635f55f7000-5635f55f8000 rw-p 00005000 00:1262 4611686019099417844      /nix/store/gpxl5qgg8kicmcvivwmybwjlpf7wh20l-graalvm17-ce-22.3.0/bin/.java-wrapped
5635f6d3b000-5635f6d83000 rw-p 00000000 00:00 0                          [heap]
7fce88000000-7fce880ec000 rw-p 00000000 00:00 0 
7fce880ec000-7fce8c000000 ---p 00000000 00:00 0 
7fce8c000000-7fce8c127000 rw-p 00000000 00:00 0 
7fce8c127000-7fce90000000 ---p 00000000 00:00 0 
7fce90000000-7fce90021000 rw-p 00000000 00:00 0 
7fce90021000-7fce94000000 ---p 00000000 00:00 0 
7fce94000000-7fce94026000 rw-p 00000000 00:00 0 
7fce94026000-7fce98000000 ---p 00000000 00:00 0 
7fce98000000-7fce98021000 rw-p 00000000 00:00 0 
7fce98021000-7fce9c000000 ---p 00000000 00:00 0 
7fce9c000000-7fce9c021000 rw-p 00000000 00:00 0 
7fce9c021000-7fcea0000000 ---p 00000000 00:00 0 
7fcea0000000-7fcea0021000 rw-p 00000000 00:00 0 
7fcea0021000-7fcea4000000 ---p 00000000 00:00 0 
7fcea64b3000-7fceb0000000 r--s 00000000 00:1262 4611686019135192581      /nix/store/gpxl5qgg8kicmcvivwmybwjlpf7wh20l-graalvm17-ce-22.3.0/lib/modules
7fceb0000000-7fceb0021000 rw-p 00000000 00:00 0 
7fceb0021000-7fceb4000000 ---p 00000000 00:00 0 
7fceb4000000-7fceb4132000 rw-p 00000000 00:00 0 
7fceb4132000-7fceb8000000 ---p 00000000 00:00 0 
7fceb9000000-7fceb9570000 rw-p 00000000 00:00 0 
7fceb9570000-7fceb9800000 ---p 00000000 00:00 0 
7fceb9800000-7fceb9980000 rw-p 00000000 00:00 0 
7fceb9980000-7fceb9a00000 rw-p 00000000 00:00 0 
7fceb9a00000-7fceb9d00000 rw-p 00000000 00:00 0 
7fceb9d00000-7fceb9d60000 rw-p 00000000 00:00 0 
7fceb9d60000-7fceb9e00000 ---p 00000000 00:00 0 
7fceb9e00000-7fceba000000 rw-p 00000000 00:00 0 
7fcebb000000-7fcebb200000 rw-p 00000000 00:00 0 
7fcebb200000-7fcebb5e0000 rw-p 00000000 00:00 0 
7fcebb5e0000-7fcebb600000 rw-p 00000000 00:00 0 
7fcebb600000-7fcebb800000 rw-p 00000000 00:00 0 
7fcebb800000-7fcebb900000 rw-p 00000000 00:00 0 
7fcebb900000-7fcebbae0000 rw-p 00000000 00:00 0 
7fcebbae0000-7fcebbb00000 rw-p 00000000 00:00 0 
7fcebbb00000-7fcebbd00000 rw-p 00000000 00:00 0 
7fcebbd00000-7fcebbe00000 rw-p 00000000 00:00 0 
7fcebbe00000-7fcebc000000 rw-p 00000000 00:00 0 
7fcebc000000-7fcebc128000 rw-p 00000000 00:00 0 
7fcebc128000-7fcec0000000 ---p 00000000 00:00 0 
7fcec0000000-7fcec015e000 rw-p 00000000 00:00 0 
7fcec015e000-7fcec4000000 ---p 00000000 00:00 0 
7fcec4000000-7fcec4021000 rw-p 00000000 00:00 0 
7fcec4021000-7fcec8000000 ---p 00000000 00:00 0 
7fcec8000000-7fcec8021000 rw-p 00000000 00:00 0 
7fcec8021000-7fcecc000000 ---p 00000000 00:00 0 
7fcecc000000-7fcecc306000 rw-p 00000000 00:00 0 
7fcecc306000-7fced0000000 ---p 00000000 00:00 0 
7fced0000000-7fced0063000 rw-p 00000000 00:00 0 
7fced0063000-7fced4000000 ---p 00000000 00:00 0 
7fced4000000-7fced4021000 rw-p 00000000 00:00 0 
7fced4021000-7fced8000000 ---p 00000000 00:00 0 
7fced8000000-7fced803f000 rw-p 00000000 00:00 0 
7fced803f000-7fcedc000000 ---p 00000000 00:00 0 
7fcedc000000-7fcedc021000 rw-p 00000000 00:00 0 
7fcedc021000-7fcee0000000 ---p 00000000 00:00 0 
7fcee0000000-7fcee0539000 rw-p 00000000 00:00 0 
7fcee0539000-7fcee4000000 ---p 00000000 00:00 0 
7fcee4000000-7fcee48ba000 rw-p 00000000 00:00 0 
7fcee48ba000-7fcee8000000 ---p 00000000 00:00 0 
7fcee8000000-7fcee8025000 rw-p 00000000 00:00 0 
7fcee8025000-7fceec000000 ---p 00000000 00:00 0 
7fceec000000-7fceec021000 rw-p 00000000 00:00 0 
7fceec021000-7fcef0000000 ---p 00000000 00:00 0 
7fcef0000000-7fcef0021000 rw-p 00000000 00:00 0 
7fcef0021000-7fcef4000000 ---p 00000000 00:00 0 
7fcef4000000-7fcef4021000 rw-p 00000000 00:00 0 
7fcef4021000-7fcef8000000 ---p 00000000 00:00 0 
7fcef8000000-7fcef8100000 rw-p 00000000 00:00 0 
7fcef8100000-7fcef8200000 rw-p 00000000 00:00 0 
7fcef8200000-7fcef8780000 rw-p 00000000 00:00 0 
7fcef8780000-7fcef8800000 rw-p 00000000 00:00 0 
7fcef8800000-7fcef8900000 rw-p 00000000 00:00 0 
7fcef8900000-7fcef8a00000 rw-p 00000000 00:00 0 
7fcef8a00000-7fcef8d00000 rw-p 00000000 00:00 0 
7fcef8d00000-7fcef8e00000 rw-p 00000000 00:00 0 
7fcef8e00000-7fcef9000000 rw-p 00000000 00:00 0 
7fcef9200000-7fcef9210000 r-xp 00000000 00:125f 356                      /home/runner/.cache/jdt-language-server/config/org.eclipse.equinox.launcher/org.eclipse.equinox.launcher.gtk.linux.x86_64_1.2.400.v20211117-0650/eclipse_11600.so
7fcef9210000-7fcef940f000 ---p 00010000 00:125f 356                      /home/runner/.cache/jdt-language-server/config/org.eclipse.equinox.launcher/org.eclipse.equinox.launcher.gtk.linux.x86_64_1.2.400.v20211117-0650/eclipse_11600.so
7fcef940f000-7fcef9410000 r--p 0000f000 00:125f 356                      /home/runner/.cache/jdt-language-server/config/org.eclipse.equinox.launcher/org.eclipse.equinox.launcher.gtk.linux.x86_64_1.2.400.v20211117-0650/eclipse_11600.so
7fcef9410000-7fcef9411000 rw-p 00010000 00:125f 356                      /home/runner/.cache/jdt-language-server/config/org.eclipse.equinox.launcher/org.eclipse.equinox.launcher.gtk.linux.x86_64_1.2.400.v20211117-0650/eclipse_11600.so
7fcefa500000-7fcefa600000 ---p 00000000 00:00 0 
7fcefa600000-7fcefabaf000 r--p 01122000 00:1262 4611686019135190040      /nix/store/gpxl5qgg8kicmcvivwmybwjlpf7wh20l-graalvm17-ce-22.3.0/lib/libjvmcicompiler.so
7fcefabaf000-7fcefad00000 r--p 00000000 00:00 0 
7fcefad00000-7fcefad3d000 rw-p 00000000 00:00 0 
7fcefad3d000-7fcefb25d000 rw-p 0185f000 00:1262 4611686019135190040      /nix/store/gpxl5qgg8kicmcvivwmybwjlpf7wh20l-graalvm17-ce-22.3.0/lib/libjvmcicompiler.so
7fcefb25d000-7fcefb644000 r--p 01d7f000 00:1262 4611686019135190040      /nix/store/gpxl5qgg8kicmcvivwmybwjlpf7wh20l-graalvm17-ce-22.3.0/lib/libjvmcicompiler.so
7fcefb700000-7fcefb704000 ---p 00000000 00:00 0 
7fcefb704000-7fcefb800000 rw-p 00000000 00:00 0 
7fcefb900000-7fcefb904000 ---p 00000000 00:00 0 
7fcefb904000-7fcefba00000 rw-p 00000000 00:00 0 
7fcefbb00000-7fcefbb04000 ---p 00000000 00:00 0 
7fcefbb04000-7fcefbc00000 rw-p 00000000 00:00 0 
7fcefbd00000-7fcefbd04000 ---p 00000000 00:00 0 
7fcefbd04000-7fcefbe00000 rw-p 00000000 00:00 0 
7fcefbe00000-7fcefbe04000 ---p 00000000 00:00 0 
7fcefbe04000-7fcefbf00000 rw-p 00000000 00:00 0 
7fcefbf00000-7fcefbf04000 ---p 00000000 00:00 0 
7fcefbf04000-7fcefc000000 rw-p 00000000 00:00 0 
7fcefc100000-7fcefc104000 ---p 00000000 00:00 0 
7fcefc104000-7fcefc200000 rw-p 00000000 00:00 0 
7fcefc200000-7fcefc204000 ---p 00000000 00:00 0 
7fcefc204000-7fcefc300000 rw-p 00000000 00:00 0 
7fcefc300000-7fcefc304000 ---p 00000000 00:00 0 
7fcefc304000-7fcefc400000 rw-p 00000000 00:00 0 
7fcefc500000-7fcefc504000 ---p 00000000 00:00 0 
7fcefc504000-7fcefc600000 rw-p 00000000 00:00 0 
7fcefc700000-7fcefc704000 ---p 00000000 00:00 0 
7fcefc704000-7fcefc800000 rw-p 00000000 00:00 0 
7fcefc900000-7fcefc904000 ---p 00000000 00:00 0 
7fcefc904000-7fcefca00000 rw-p 00000000 00:00 0 
7fcefd7a9000-7fcefdb00000 rw-p 00000000 00:00 0 
7fcefdc00000-7fceffd6a000 r-xp 00000000 00:1262 4611686019135190040      /nix/store/gpxl5qgg8kicmcvivwmybwjlpf7wh20l-graalvm17-ce-22.3.0/lib/libjvmcicompiler.so
7fceffd6a000-7fcefff69000 ---p 0216a000 00:1262 4611686019135190040      /nix/store/gpxl5qgg8kicmcvivwmybwjlpf7wh20l-graalvm17-ce-22.3.0/lib/libjvmcicompiler.so
7fcefff69000-7fcefff6a000 r--p 02169000 00:1262 4611686019135190040      /nix/store/gpxl5qgg8kicmcvivwmybwjlpf7wh20l-graalvm17-ce-22.3.0/lib/libjvmcicompiler.so
7fcefff6a000-7fcefff6c000 rw-p 0216a000 00:1262 4611686019135190040      /nix/store/gpxl5qgg8kicmcvivwmybwjlpf7wh20l-graalvm17-ce-22.3.0/lib/libjvmcicompiler.so
7fcefff6c000-7fcefff6d000 rw-p 00000000 00:00 0 
7fcefff6d000-7fcefff72000 rw-p 023c3000 00:1262 4611686019135190040      /nix/store/gpxl5qgg8kicmcvivwmybwjlpf7wh20l-graalvm17-ce-22.3.0/lib/libjvmcicompiler.so
7fcf00000000-7fcf00021000 rw-p 00000000 00:00 0 
7fcf00021000-7fcf04000000 ---p 00000000 00:00 0 
7fcf04000000-7fcf04021000 rw-p 00000000 00:00 0 
7fcf04021000-7fcf08000000 ---p 00000000 00:00 0 
7fcf08000000-7fcf08091000 rw-p 00000000 00:00 0 
7fcf08091000-7fcf0c000000 ---p 00000000 00:00 0 
7fcf0c000000-7fcf0c021000 rw-p 00000000 00:00 0 
7fcf0c021000-7fcf10000000 ---p 00000000 00:00 0 
7fcf10000000-7fcf100ce000 rw-p 00000000 00:00 0 
7fcf100ce000-7fcf14000000 ---p 00000000 00:00 0 
7fcf14000000-7fcf14bcd000 rw-p 00000000 00:00 0 
7fcf14bcd000-7fcf18000000 ---p 00000000 00:00 0 
7fcf18000000-7fcf18021000 rw-p 00000000 00:00 0 
7fcf18021000-7fcf1c000000 ---p 00000000 00:00 0 
7fcf1c000000-7fcf1c021000 rw-p 00000000 00:00 0 
7fcf1c021000-7fcf20000000 ---p 00000000 00:00 0 
7fcf20000000-7fcf20021000 rw-p 00000000 00:00 0 
7fcf20021000-7fcf24000000 ---p 00000000 00:00 0 
7fcf24000000-7fcf24021000 rw-p 00000000 00:00 0 
7fcf24021000-7fcf28000000 ---p 00000000 00:00 0 
7fcf28000000-7fcf28021000 rw-p 00000000 00:00 0 
7fcf28021000-7fcf2c000000 ---p 00000000 00:00 0 
7fcf2c000000-7fcf2c021000 rw-p 00000000 00:00 0 
7fcf2c021000-7fcf30000000 ---p 00000000 00:00 0 
7fcf30000000-7fcf30056000 rw-p 00000000 00:00 0 
7fcf30056000-7fcf34000000 ---p 00000000 00:00 0 
7fcf34000000-7fcf34004000 ---p 00000000 00:00 0 
7fcf34004000-7fcf34100000 rw-p 00000000 00:00 0 
7fcf34200000-7fcf34204000 ---p 00000000 00:00 0 
7fcf34204000-7fcf34300000 rw-p 00000000 00:00 0 
7fcf34300000-7fcf34304000 ---p 00000000 00:00 0 
7fcf34304000-7fcf34400000 rw-p 00000000 00:00 0 
7fcf34400000-7fcf34404000 ---p 00000000 00:00 0 
7fcf34404000-7fcf34500000 rw-p 00000000 00:00 0 
7fcf34600000-7fcf34604000 ---p 00000000 00:00 0 
7fcf34604000-7fcf34700000 rw-p 00000000 00:00 0 
7fcf34700000-7fcf34704000 ---p 00000000 00:00 0 
7fcf34704000-7fcf34800000 rw-p 00000000 00:00 0 
7fcf34800000-7fcf34804000 ---p 00000000 00:00 0 
7fcf34804000-7fcf34900000 rw-p 00000000 00:00 0 
7fcf34a00000-7fcf34a04000 ---p 00000000 00:00 0 
7fcf34a04000-7fcf34b00000 rw-p 00000000 00:00 0 
7fcf34c00000-7fcf34c04000 ---p 00000000 00:00 0 
7fcf34c04000-7fcf34d00000 rw-p 00000000 00:00 0 
7fcf34d00000-7fcf34d04000 ---p 00000000 00:00 0 
7fcf34d04000-7fcf34e00000 rw-p 00000000 00:00 0 
7fcf34e00000-7fcf34e04000 ---p 00000000 00:00 0 
7fcf34e04000-7fcf34f00000 rw-p 00000000 00:00 0 
7fcf34fbd000-7fcf350fe000 rw-p 00000000 00:00 0 
7fcf350fe000-7fcf350ff000 ---p 00000000 00:00 0 
7fcf350ff000-7fcf35200000 rw-p 00000000 00:00 0 
7fcf35200000-7fcf35204000 ---p 00000000 00:00 0 
7fcf35204000-7fcf35300000 rw-p 00000000 00:00 0 
7fcf35300000-7fcf35304000 ---p 00000000 00:00 0 
7fcf35304000-7fcf35400000 rw-p 00000000 00:00 0 
7fcf35400000-7fcf35404000 ---p 00000000 00:00 0 
7fcf35404000-7fcf35500000 rw-p 00000000 00:00 0 
7fcf35500000-7fcf35504000 ---p 00000000 00:00 0 
7fcf35504000-7fcf35700000 rw-p 00000000 00:00 0 
7fcf35700000-7fcf35704000 ---p 00000000 00:00 0 
7fcf35704000-7fcf35900000 rw-p 00000000 00:00 0 
7fcf35900000-7fcf35904000 ---p 00000000 00:00 0 
7fcf35904000-7fcf35a00000 rw-p 00000000 00:00 0 
7fcf35a00000-7fcf35a04000 ---p 00000000 00:00 0 
7fcf35a04000-7fcf35b00000 rw-p 00000000 00:00 0 
7fcf35b00000-7fcf35b04000 ---p 00000000 00:00 0 
7fcf35b04000-7fcf36000000 rw-p 00000000 00:00 0 
7fcf36000000-7fcf36300000 rw-p 00000000 00:00 0 
7fcf36300000-7fcf36400000 rw-p 00000000 00:00 0 
7fcf364b3000-7fcf374b3000 rw-p 00000000 00:00 0 
7fcf374b3000-7fcf37723000 rwxp 00000000 00:00 0 
7fcf37723000-7fcf37a42000 ---p 00000000 00:00 0 
7fcf37a42000-7fcf38a42000 rwxp 00000000 00:00 0 
7fcf38a42000-7fcf3ef7a000 ---p 00000000 00:00 0 
7fcf3ef7a000-7fcf3f1ea000 rwxp 00000000 00:00 0 
7fcf3f1ea000-7fcf464b3000 ---p 00000000 00:00 0 
7fcf464b3000-7fcf50000000 r--s 00000000 00:1262 4611686019135192581      /nix/store/gpxl5qgg8kicmcvivwmybwjlpf7wh20l-graalvm17-ce-22.3.0/lib/modules
7fcf50000000-7fcf5063c000 rw-p 00000000 00:00 0 
7fcf5063c000-7fcf54000000 ---p 00000000 00:00 0 
7fcf54083000-7fcf54085000 r-xp 00000000 00:1262 4611686019135190017      /nix/store/gpxl5qgg8kicmcvivwmybwjlpf7wh20l-graalvm17-ce-22.3.0/lib/libextnet.so
7fcf54085000-7fcf54086000 r--p 00001000 00:1262 4611686019135190017      /nix/store/gpxl5qgg8kicmcvivwmybwjlpf7wh20l-graalvm17-ce-22.3.0/lib/libextnet.so
7fcf54086000-7fcf54087000 rw-p 00002000 00:1262 4611686019135190017      /nix/store/gpxl5qgg8kicmcvivwmybwjlpf7wh20l-graalvm17-ce-22.3.0/lib/libextnet.so
7fcf54087000-7fcf54088000 rw-p 00004000 00:1262 4611686019135190017      /nix/store/gpxl5qgg8kicmcvivwmybwjlpf7wh20l-graalvm17-ce-22.3.0/lib/libextnet.so
7fcf54088000-7fcf5408c000 ---p 00000000 00:00 0 
7fcf5408c000-7fcf540aa000 rw-p 00000000 00:00 0 
7fcf540aa000-7fcf540b1000 r-xp 00000000 00:1262 4611686019135192580      /nix/store/gpxl5qgg8kicmcvivwmybwjlpf7wh20l-graalvm17-ce-22.3.0/lib/libzip.so
7fcf540b1000-7fcf540b2000 ---p 00007000 00:1262 4611686019135192580      /nix/store/gpxl5qgg8kicmcvivwmybwjlpf7wh20l-graalvm17-ce-22.3.0/lib/libzip.so
7fcf540b2000-7fcf540b3000 r--p 00007000 00:1262 4611686019135192580      /nix/store/gpxl5qgg8kicmcvivwmybwjlpf7wh20l-graalvm17-ce-22.3.0/lib/libzip.so
7fcf540b3000-7fcf540b4000 rw-p 00008000 00:1262 4611686019135192580      /nix/store/gpxl5qgg8kicmcvivwmybwjlpf7wh20l-graalvm17-ce-22.3.0/lib/libzip.so
7fcf540b4000-7fcf540b6000 rw-p 0000b000 00:1262 4611686019135192580      /nix/store/gpxl5qgg8kicmcvivwmybwjlpf7wh20l-graalvm17-ce-22.3.0/lib/libzip.so
7fcf540b6000-7fcf540cb000 r-xp 00000000 00:1262 4611686019135192570      /nix/store/gpxl5qgg8kicmcvivwmybwjlpf7wh20l-graalvm17-ce-22.3.0/lib/libnet.so
7fcf540cb000-7fcf540cc000 ---p 00015000 00:1262 4611686019135192570      /nix/store/gpxl5qgg8kicmcvivwmybwjlpf7wh20l-graalvm17-ce-22.3.0/lib/libnet.so
7fcf540cc000-7fcf540cd000 r--p 00015000 00:1262 4611686019135192570      /nix/store/gpxl5qgg8kicmcvivwmybwjlpf7wh20l-graalvm17-ce-22.3.0/lib/libnet.so
7fcf540cd000-7fcf540ce000 rw-p 00016000 00:1262 4611686019135192570      /nix/store/gpxl5qgg8kicmcvivwmybwjlpf7wh20l-graalvm17-ce-22.3.0/lib/libnet.so
7fcf540ce000-7fcf540d1000 rw-p 0001b000 00:1262 4611686019135192570      /nix/store/gpxl5qgg8kicmcvivwmybwjlpf7wh20l-graalvm17-ce-22.3.0/lib/libnet.so
7fcf540d1000-7fcf540e4000 r-xp 00000000 00:1262 4611686019135192571      /nix/store/gpxl5qgg8kicmcvivwmybwjlpf7wh20l-graalvm17-ce-22.3.0/lib/libnio.so
7fcf540e4000-7fcf540e5000 r--p 00012000 00:1262 4611686019135192571      /nix/store/gpxl5qgg8kicmcvivwmybwjlpf7wh20l-graalvm17-ce-22.3.0/lib/libnio.so
7fcf540e5000-7fcf540e6000 rw-p 00013000 00:1262 4611686019135192571      /nix/store/gpxl5qgg8kicmcvivwmybwjlpf7wh20l-graalvm17-ce-22.3.0/lib/libnio.so
7fcf540e6000-7fcf540eb000 rw-p 00019000 00:1262 4611686019135192571      /nix/store/gpxl5qgg8kicmcvivwmybwjlpf7wh20l-graalvm17-ce-22.3.0/lib/libnio.so
7fcf540eb000-7fcf543d1000 r--p 00000000 00:11f0 28444448                 /usr/lib/locale/locale-archive
7fcf543d1000-7fcf543d5000 ---p 00000000 00:00 0 
7fcf543d5000-7fcf544d1000 rw-p 00000000 00:00 0 
7fcf544d1000-7fcf544d5000 ---p 00000000 00:00 0 
7fcf544d5000-7fcf545d1000 rw-p 00000000 00:00 0 
7fcf545d1000-7fcf545d2000 ---p 00000000 00:00 0 
7fcf545d2000-7fcf546d3000 rw-p 00000000 00:00 0 
7fcf546d3000-7fcf547a1000 r-xp 00000000 00:1262 4611686019135190036      /nix/store/gpxl5qgg8kicmcvivwmybwjlpf7wh20l-graalvm17-ce-22.3.0/lib/libjsvml.so
7fcf547a1000-7fcf547a2000 r--p 000cd000 00:1262 4611686019135190036      /nix/store/gpxl5qgg8kicmcvivwmybwjlpf7wh20l-graalvm17-ce-22.3.0/lib/libjsvml.so
7fcf547a2000-7fcf547a3000 rw-p 000ce000 00:1262 4611686019135190036      /nix/store/gpxl5qgg8kicmcvivwmybwjlpf7wh20l-graalvm17-ce-22.3.0/lib/libjsvml.so
7fcf547a3000-7fcf5507b000 rw-p 00000000 00:00 0 
7fcf5507b000-7fcf5507c000 ---p 00000000 00:00 0 
7fcf5507c000-7fcf55227000 rw-p 00000000 00:00 0 
7fcf55227000-7fcf5525e000 rw-p 00000000 00:00 0 
7fcf5525e000-7fcf5527d000 ---p 00000000 00:00 0 
7fcf5527d000-7fcf55283000 rw-p 00000000 00:00 0 
7fcf55283000-7fcf55369000 ---p 00000000 00:00 0 
7fcf55369000-7fcf55389000 rw-p 00000000 00:00 0 
7fcf55389000-7fcf55454000 ---p 00000000 00:00 0 
7fcf55454000-7fcf55459000 rw-p 00000000 00:00 0 
7fcf55459000-7fcf55460000 ---p 00000000 00:00 0 
7fcf55460000-7fcf55484000 r-xp 00000000 00:1262 4611686019135190028      /nix/store/gpxl5qgg8kicmcvivwmybwjlpf7wh20l-graalvm17-ce-22.3.0/lib/libjava.so
7fcf55484000-7fcf55485000 ---p 00024000 00:1262 4611686019135190028      /nix/store/gpxl5qgg8kicmcvivwmybwjlpf7wh20l-graalvm17-ce-22.3.0/lib/libjava.so
7fcf55485000-7fcf55486000 r--p 00024000 00:1262 4611686019135190028      /nix/store/gpxl5qgg8kicmcvivwmybwjlpf7wh20l-graalvm17-ce-22.3.0/lib/libjava.so
7fcf55486000-7fcf55487000 rw-p 00025000 00:1262 4611686019135190028      /nix/store/gpxl5qgg8kicmcvivwmybwjlpf7wh20l-graalvm17-ce-22.3.0/lib/libjava.so
7fcf55487000-7fcf55488000 rw-p 00000000 00:00 0 
7fcf55488000-7fcf5548f000 rw-p 0002f000 00:1262 4611686019135190028      /nix/store/gpxl5qgg8kicmcvivwmybwjlpf7wh20l-graalvm17-ce-22.3.0/lib/libjava.so
7fcf5548f000-7fcf55497000 rw-s 00000000 00:114a 353                      /tmp/hsperfdata_runner/33
7fcf55497000-7fcf55498000 ---p 00000000 00:00 0 
7fcf55498000-7fcf55499000 r--p 00000000 00:00 0 
7fcf55499000-7fcf5549a000 rwxp 00000000 00:00 0 
7fcf5549a000-7fcf554b5000 r-xp 00000000 00:1262 4611686019135190032      /nix/store/gpxl5qgg8kicmcvivwmybwjlpf7wh20l-graalvm17-ce-22.3.0/lib/libjimage.so
7fcf554b5000-7fcf554b6000 ---p 0001b000 00:1262 4611686019135190032      /nix/store/gpxl5qgg8kicmcvivwmybwjlpf7wh20l-graalvm17-ce-22.3.0/lib/libjimage.so
7fcf554b6000-7fcf554b8000 r--p 0001b000 00:1262 4611686019135190032      /nix/store/gpxl5qgg8kicmcvivwmybwjlpf7wh20l-graalvm17-ce-22.3.0/lib/libjimage.so
7fcf554b8000-7fcf554b9000 rw-p 0001d000 00:1262 4611686019135190032      /nix/store/gpxl5qgg8kicmcvivwmybwjlpf7wh20l-graalvm17-ce-22.3.0/lib/libjimage.so
7fcf554b9000-7fcf554ba000 rw-p 00024000 00:1262 4611686019135190032      /nix/store/gpxl5qgg8kicmcvivwmybwjlpf7wh20l-graalvm17-ce-22.3.0/lib/libjimage.so
7fcf554ba000-7fcf554be000 ---p 00000000 00:00 0 
7fcf554be000-7fcf555ba000 rw-p 00000000 00:00 0 
7fcf555ba000-7fcf555c8000 r--p 00000000 00:1262 4611686019027979927      /nix/store/4nlgxhb09sdr51nc9hdm8az5b08vzkgx-glibc-2.35-163/lib/libm.so.6
7fcf555c8000-7fcf5563b000 r-xp 0000e000 00:1262 4611686019027979927      /nix/store/4nlgxhb09sdr51nc9hdm8az5b08vzkgx-glibc-2.35-163/lib/libm.so.6
7fcf5563b000-7fcf55698000 r--p 00081000 00:1262 4611686019027979927      /nix/store/4nlgxhb09sdr51nc9hdm8az5b08vzkgx-glibc-2.35-163/lib/libm.so.6
7fcf55698000-7fcf55699000 r--p 000dd000 00:1262 4611686019027979927      /nix/store/4nlgxhb09sdr51nc9hdm8az5b08vzkgx-glibc-2.35-163/lib/libm.so.6
7fcf55699000-7fcf5569a000 rw-p 000de000 00:1262 4611686019027979927      /nix/store/4nlgxhb09sdr51nc9hdm8az5b08vzkgx-glibc-2.35-163/lib/libm.so.6
7fcf5569a000-7fcf5569b000 r--p 00000000 00:1262 4611686019027979946      /nix/store/4nlgxhb09sdr51nc9hdm8az5b08vzkgx-glibc-2.35-163/lib/librt.so.1
7fcf5569b000-7fcf5569c000 r-xp 00001000 00:1262 4611686019027979946      /nix/store/4nlgxhb09sdr51nc9hdm8az5b08vzkgx-glibc-2.35-163/lib/librt.so.1
7fcf5569c000-7fcf5569d000 r--p 00002000 00:1262 4611686019027979946      /nix/store/4nlgxhb09sdr51nc9hdm8az5b08vzkgx-glibc-2.35-163/lib/librt.so.1
7fcf5569d000-7fcf5569e000 r--p 00002000 00:1262 4611686019027979946      /nix/store/4nlgxhb09sdr51nc9hdm8az5b08vzkgx-glibc-2.35-163/lib/librt.so.1
7fcf5569e000-7fcf5569f000 rw-p 00003000 00:1262 4611686019027979946      /nix/store/4nlgxhb09sdr51nc9hdm8az5b08vzkgx-glibc-2.35-163/lib/librt.so.1
7fcf5569f000-7fcf567b2000 r-xp 00000000 00:1262 4611686019135360866      /nix/store/gpxl5qgg8kicmcvivwmybwjlpf7wh20l-graalvm17-ce-22.3.0/lib/server/libjvm.so
7fcf567b2000-7fcf567b3000 ---p 01113000 00:1262 4611686019135360866      /nix/store/gpxl5qgg8kicmcvivwmybwjlpf7wh20l-graalvm17-ce-22.3.0/lib/server/libjvm.so
7fcf567b3000-7fcf56868000 r--p 01113000 00:1262 4611686019135360866      /nix/store/gpxl5qgg8kicmcvivwmybwjlpf7wh20l-graalvm17-ce-22.3.0/lib/server/libjvm.so
7fcf56868000-7fcf5689c000 rw-p 011c8000 00:1262 4611686019135360866      /nix/store/gpxl5qgg8kicmcvivwmybwjlpf7wh20l-graalvm17-ce-22.3.0/lib/server/libjvm.so
7fcf5689c000-7fcf568f8000 rw-p 00000000 00:00 0 
7fcf568f8000-7fcf56920000 r--p 00000000 00:1262 4611686019027979918      /nix/store/4nlgxhb09sdr51nc9hdm8az5b08vzkgx-glibc-2.35-163/lib/libc.so.6
7fcf56920000-7fcf56a96000 r-xp 00028000 00:1262 4611686019027979918      /nix/store/4nlgxhb09sdr51nc9hdm8az5b08vzkgx-glibc-2.35-163/lib/libc.so.6
7fcf56a96000-7fcf56aee000 r--p 0019e000 00:1262 4611686019027979918      /nix/store/4nlgxhb09sdr51nc9hdm8az5b08vzkgx-glibc-2.35-163/lib/libc.so.6
7fcf56aee000-7fcf56af2000 r--p 001f6000 00:1262 4611686019027979918      /nix/store/4nlgxhb09sdr51nc9hdm8az5b08vzkgx-glibc-2.35-163/lib/libc.so.6
7fcf56af2000-7fcf56af4000 rw-p 001fa000 00:1262 4611686019027979918      /nix/store/4nlgxhb09sdr51nc9hdm8az5b08vzkgx-glibc-2.35-163/lib/libc.so.6
7fcf56af4000-7fcf56b03000 rw-p 00000000 00:00 0 
7fcf56b03000-7fcf56b04000 r--p 00000000 00:1262 4611686019027979923      /nix/store/4nlgxhb09sdr51nc9hdm8az5b08vzkgx-glibc-2.35-163/lib/libdl.so.2
7fcf56b04000-7fcf56b05000 r-xp 00001000 00:1262 4611686019027979923      /nix/store/4nlgxhb09sdr51nc9hdm8az5b08vzkgx-glibc-2.35-163/lib/libdl.so.2
7fcf56b05000-7fcf56b06000 r--p 00002000 00:1262 4611686019027979923      /nix/store/4nlgxhb09sdr51nc9hdm8az5b08vzkgx-glibc-2.35-163/lib/libdl.so.2
7fcf56b06000-7fcf56b07000 r--p 00002000 00:1262 4611686019027979923      /nix/store/4nlgxhb09sdr51nc9hdm8az5b08vzkgx-glibc-2.35-163/lib/libdl.so.2
7fcf56b07000-7fcf56b08000 rw-p 00003000 00:1262 4611686019027979923      /nix/store/4nlgxhb09sdr51nc9hdm8az5b08vzkgx-glibc-2.35-163/lib/libdl.so.2
7fcf56b08000-7fcf56b09000 r--p 00000000 00:1262 4611686019027979942      /nix/store/4nlgxhb09sdr51nc9hdm8az5b08vzkgx-glibc-2.35-163/lib/libpthread.so.0
7fcf56b09000-7fcf56b0a000 r-xp 00001000 00:1262 4611686019027979942      /nix/store/4nlgxhb09sdr51nc9hdm8az5b08vzkgx-glibc-2.35-163/lib/libpthread.so.0
7fcf56b0a000-7fcf56b0b000 r--p 00002000 00:1262 4611686019027979942      /nix/store/4nlgxhb09sdr51nc9hdm8az5b08vzkgx-glibc-2.35-163/lib/libpthread.so.0
7fcf56b0b000-7fcf56b0c000 r--p 00002000 00:1262 4611686019027979942      /nix/store/4nlgxhb09sdr51nc9hdm8az5b08vzkgx-glibc-2.35-163/lib/libpthread.so.0
7fcf56b0c000-7fcf56b0d000 rw-p 00003000 00:1262 4611686019027979942      /nix/store/4nlgxhb09sdr51nc9hdm8az5b08vzkgx-glibc-2.35-163/lib/libpthread.so.0
7fcf56b0d000-7fcf56b1b000 r-xp 00000000 00:1262 4611686019135190033      /nix/store/gpxl5qgg8kicmcvivwmybwjlpf7wh20l-graalvm17-ce-22.3.0/lib/libjli.so
7fcf56b1b000-7fcf56b1c000 ---p 0000e000 00:1262 4611686019135190033      /nix/store/gpxl5qgg8kicmcvivwmybwjlpf7wh20l-graalvm17-ce-22.3.0/lib/libjli.so
7fcf56b1c000-7fcf56b1d000 r--p 0000e000 00:1262 4611686019135190033      /nix/store/gpxl5qgg8kicmcvivwmybwjlpf7wh20l-graalvm17-ce-22.3.0/lib/libjli.so
7fcf56b1d000-7fcf56b1e000 rw-p 0000f000 00:1262 4611686019135190033      /nix/store/gpxl5qgg8kicmcvivwmybwjlpf7wh20l-graalvm17-ce-22.3.0/lib/libjli.so
7fcf56b1e000-7fcf56b1f000 rw-p 00012000 00:1262 4611686019135190033      /nix/store/gpxl5qgg8kicmcvivwmybwjlpf7wh20l-graalvm17-ce-22.3.0/lib/libjli.so
7fcf56b1f000-7fcf56b22000 r--p 00000000 00:1262 4611686019106210071      /nix/store/026hln0aq1hyshaxsdvhg0kmcm6yf45r-zlib-1.2.13/lib/libz.so.1.2.13
7fcf56b22000-7fcf56b34000 r-xp 00003000 00:1262 4611686019106210071      /nix/store/026hln0aq1hyshaxsdvhg0kmcm6yf45r-zlib-1.2.13/lib/libz.so.1.2.13
7fcf56b34000-7fcf56b3b000 r--p 00015000 00:1262 4611686019106210071      /nix/store/026hln0aq1hyshaxsdvhg0kmcm6yf45r-zlib-1.2.13/lib/libz.so.1.2.13
7fcf56b3b000-7fcf56b3c000 r--p 0001b000 00:1262 4611686019106210071      /nix/store/026hln0aq1hyshaxsdvhg0kmcm6yf45r-zlib-1.2.13/lib/libz.so.1.2.13
7fcf56b3c000-7fcf56b3d000 rw-p 0001c000 00:1262 4611686019106210071      /nix/store/026hln0aq1hyshaxsdvhg0kmcm6yf45r-zlib-1.2.13/lib/libz.so.1.2.13
7fcf56b3d000-7fcf56b3f000 rw-p 00000000 00:00 0 
7fcf56b3f000-7fcf56b41000 r--p 00000000 00:1262 4611686019027979912      /nix/store/4nlgxhb09sdr51nc9hdm8az5b08vzkgx-glibc-2.35-163/lib/ld-linux-x86-64.so.2
7fcf56b41000-7fcf56b68000 r-xp 00002000 00:1262 4611686019027979912      /nix/store/4nlgxhb09sdr51nc9hdm8az5b08vzkgx-glibc-2.35-163/lib/ld-linux-x86-64.so.2
7fcf56b68000-7fcf56b74000 r--p 00029000 00:1262 4611686019027979912      /nix/store/4nlgxhb09sdr51nc9hdm8az5b08vzkgx-glibc-2.35-163/lib/ld-linux-x86-64.so.2
7fcf56b74000-7fcf56b76000 r--p 00034000 00:1262 4611686019027979912      /nix/store/4nlgxhb09sdr51nc9hdm8az5b08vzkgx-glibc-2.35-163/lib/ld-linux-x86-64.so.2
7fcf56b76000-7fcf56b78000 rw-p 00036000 00:1262 4611686019027979912      /nix/store/4nlgxhb09sdr51nc9hdm8az5b08vzkgx-glibc-2.35-163/lib/ld-linux-x86-64.so.2
7ffe0353a000-7ffe0355f000 rw-p 00000000 00:00 0                          [stack]
7ffe03572000-7ffe03576000 r--p 00000000 00:00 0                          [vvar]
7ffe03576000-7ffe03578000 r-xp 00000000 00:00 0                          [vdso]
ffffffffff600000-ffffffffff601000 --xp 00000000 00:00 0                  [vsyscall]


VM Arguments:
jvm_args: -XX:ThreadPriorityPolicy=1 -XX:+UnlockExperimentalVMOptions -XX:+EnableJVMCIProduct -XX:JVMCIThreadsPerNativeLibraryRuntime=1 -XX:-UnlockExperimentalVMOptions -Declipse.application=org.eclipse.jdt.ls.core.id1 -Dosgi.bundles.defaultStartLevel=4 -Declipse.product=org.eclipse.jdt.ls.core.product -Dlog.level=ALL -Xverify:none -XX:+UseParallelGC -XX:GCTimeRatio=4 -XX:AdaptiveSizePolicyWeight=90 -Dsun.zip.disableMemoryMapping=true -Xmx512m -Xms100m 
java_command: /nix/store/m6gcpi1ii6rghy04cjwjddcavv7i90df-jdt-language-server-1.9.0/share/java/plugins/org.eclipse.equinox.launcher_1.6.400.v20210924-0641.jar --add-modules=ALL-SYSTEM --add-opens java.base/java.util=ALL-UNNAMED --add-opens java.base/java.lang=ALL-UNNAMED -configuration /home/runner/.cache/jdt-language-server/config -data /home/runner/.cache/jdt-language-server/data/home/runner/Calculadora-java
java_class_path (initial): /nix/store/m6gcpi1ii6rghy04cjwjddcavv7i90df-jdt-language-server-1.9.0/share/java/plugins/org.eclipse.equinox.launcher_1.6.400.v20210924-0641.jar
Launcher Type: SUN_STANDARD

[Global flags]
    uintx AdaptiveSizePolicyWeight                 = 90                                        {product} {command line}
     intx CICompilerCount                          = 2                                         {product} {ergonomic}
     bool EnableJVMCIProduct                       = true                                {JVMCI product} {jimage}
    uintx GCTimeRatio                              = 4                                         {product} {command line}
   size_t InitialHeapSize                          = 104857600                                 {product} {command line}
     uint JVMCIThreadsPerNativeLibraryRuntime      = 1                                   {JVMCI product} {jimage}
   size_t MaxHeapSize                              = 536870912                                 {product} {command line}
   size_t MaxNewSize                               = 178782208                                 {product} {ergonomic}
   size_t MinHeapDeltaBytes                        = 524288                                    {product} {ergonomic}
   size_t MinHeapSize                              = 104857600                                 {product} {command line}
   size_t NewSize                                  = 34603008                                  {product} {ergonomic}
    uintx NonNMethodCodeHeapSize                   = 5826188                                {pd product} {ergonomic}
    uintx NonProfiledCodeHeapSize                  = 122916026                              {pd product} {ergonomic}
   size_t OldSize                                  = 70254592                                  {product} {ergonomic}
    uintx ProfiledCodeHeapSize                     = 122916026                              {pd product} {ergonomic}
    uintx ReservedCodeCacheSize                    = 251658240                              {pd product} {ergonomic}
     bool SegmentedCodeCache                       = true                                      {product} {ergonomic}
   size_t SoftMaxHeapSize                          = 536870912                              {manageable} {ergonomic}
     intx ThreadPriorityPolicy                     = 1                                         {product} {jimage}
     bool UseCompressedClassPointers               = true                           {product lp64_product} {ergonomic}
     bool UseCompressedOops                        = true                           {product lp64_product} {ergonomic}
     bool UseParallelGC                            = true                                      {product} {command line}

Logging:
Log output configuration:
 #0: stdout all=warning uptime,level,tags
 #1: stderr all=off uptime,level,tags

Environment Variables:
JAVA_HOME=/nix/store/gpxl5qgg8kicmcvivwmybwjlpf7wh20l-graalvm17-ce-22.3.0
PATH=/nix/store/1d6ian3r8kdzspw8hacjhl3xkp40g1lj-binutils-wrapper-2.39/bin:/nix/store/dq0xwmsk1g0i2ayg6pb7y87na2knzylh-gcc-wrapper-11.3.0/bin:/nix/store/bap4d0lpcrhpwmpb8ayjcgkmvfj62lnq-bash-interactive-5.1-p16/bin:/nix/store/pr5n59mb4jzmfx6kanwxly0l07p861fg-patchelf-0.15.0/bin:/nix/store/1gf2flfqnpqbr1b4p4qz2f72y42bs56r-gcc-11.3.0/bin:/nix/store/57xv61c5zi8pphjbcwxxjlgc34p61ic9-glibc-2.35-163-bin/bin:/nix/store/a7gvj343m05j2s32xcnwr35v31ynlypr-coreutils-9.1/bin:/nix/store/039g378vc3pc3dvi9dzdlrd0i4q93qwf-binutils-2.39/bin:/nix/store/gpxl5qgg8kicmcvivwmybwjlpf7wh20l-graalvm17-ce-22.3.0/bin:/nix/store/6z9ag3ihc8mq2hzsw48lhbznvzny65nz-apache-maven-3.8.6/bin:/nix/store/m6gcpi1ii6rghy04cjwjddcavv7i90df-jdt-language-server-1.9.0/bin:/nix/store/84xs5alhs01zrbr4ywm05kxbjbp5590l-java-debug/bin:/nix/store/mydc6f4k2z73xlcz7ilif3v2lcaiqvza-findutils-4.9.0/bin:/nix/store/j9p3g8472iijd50vhdprx0nmk2fqn5gv-diffutils-3.8/bin:/nix/store/89zs7rms6x00xfq4dq6m7mjnhkr8a6r4-gnused-4.8/bin:/nix/store/86bp03jkmsl6f92w0yzg4s59g5mhxwmy-gnugrep-3.7/bin:/nix/store/hwcdqw4jrjnd37wxqgsd47hd0j8bnj09-gawk-5.1.1/bin:/nix/store/cfbhw8r8ags41vwqaz47r583d0p4h4a1-gnutar-1.34/bin:/nix/store/p3m1ndl1lapwrlh698bnb5lvvxh67378-gzip-1.12/bin:/nix/store/a8mhcagrsly7c7mpjrpsnaahk4aax056-bzip2-1.0.8-bin/bin:/nix/store/mblgz65m3zv9x548a3d5m96fj2pbwr09-gnumake-4.3/bin:/nix/store/dsd5gz46hdbdk2rfdimqddhq6m8m8fqs-bash-5.1-p16/bin:/nix/store/v7ljksji50mg3w61dykaa3n3y79n6nil-patch-2.7.6/bin:/nix/store/zlcnmqq14jz5x9439jf937mvayyl63da-xz-5.2.7-bin/bin:/nix/store/y6aj732zm9m87c82fpvf103a1xb22blp-file-5.43/bin:/nix/store/i4kzir3m7mrisxmf5xvlnkw01x4qaqr4-prybar-elisp-0.0.0-e0d9a52/bin:/nix/store/lwwivxf6h7x3cvxp9zv8sj0mv7dak99r-prybar-lua-0.0.0-e0d9a52/bin:/nix/store/gxj28g1cg4hq3qanmjv07156h800qr58-prybar-python3-0.0.0-e0d9a52/bin:/nix/store/hshkjnxrgidigf8x75vg6lqng2xlx9i3-prybar-sqlite-0.0.0-e0d9a52/bin:/nix/store/c4w01bpjgyy5ixmwdk8m1pw87zq4sl26-prybar-tcl-0.0.0-e0d9a52/bin:/nix/store/hpbvrlwd5viqmvcaisb3x0118i913a9n-st
LD_LIBRARY_PATH=/nix/store/a4pff549sk2idnkpzk5nsfps3mdkdnvm-cups-2.4.2-lib/lib:/nix/store/72mqxxhh3cy5yifh92wh2yb8cl2hikyy-cairo-1.16.0/lib:/nix/store/2k366jrbsra97gjfxwvrhvixjfxdach5-glib-2.74.1/lib:/nix/store/2j2znigd8ak37rlwh9khz0ry3clqlw1l-gtk+3-3.24.34/lib:/nix/store/hisqvx32cd57apbpcsnkpx6k3549wql1-libglvnd-1.4.0/lib:/nix/store/p36pgcv991mq5srvg765b78yqpxvk3qs-mesa-21.3.3-drivers/lib:/nix/store/mav4251if1ahjq5vkpwycyyvnmy459c4-pulseaudio-14.2/lib
DISPLAY=:0
LANG=en_US.UTF-8

Signal Handlers:
   SIGSEGV: crash_handler in libjvm.so, mask=11100100010111111101111111111110, flags=SA_RESTART|SA_SIGINFO
    SIGBUS: crash_handler in libjvm.so, mask=11100100010111111101111111111110, flags=SA_RESTART|SA_SIGINFO
    SIGFPE: crash_handler in libjvm.so, mask=11100100010111111101111111111110, flags=SA_RESTART|SA_SIGINFO
   SIGPIPE: IsolateEnterStub_IgnoreSIGPIPEStartupHook_noopSignalHandler_8f19bff2f35b5f630d83b364d6b2339320d4ec70_216e8361c6bc87a8f89f58cc10d3b2fd4415bf87 in libjvmcicompiler.so, mask=00000000000000000000000000000000, flags=SA_RESTART
  *** Handler was modified!
  *** Expected: javaSignalHandler in libjvm.so, mask=11100100110111111111111111111110, flags=SA_RESTART|SA_SIGINFO
   SIGXFSZ: javaSignalHandler in libjvm.so, mask=11100100010111111101111111111110, flags=SA_RESTART|SA_SIGINFO
    SIGILL: crash_handler in libjvm.so, mask=11100100010111111101111111111110, flags=SA_RESTART|SA_SIGINFO
   SIGUSR2: SR_handler in libjvm.so, mask=00000000000000000000000000000000, flags=SA_RESTART|SA_SIGINFO
    SIGHUP: UserHandler in libjvm.so, mask=11100100010111111101111111111110, flags=SA_RESTART|SA_SIGINFO
    SIGINT: UserHandler in libjvm.so, mask=11100100010111111101111111111110, flags=SA_RESTART|SA_SIGINFO
   SIGTERM: UserHandler in libjvm.so, mask=11100100010111111101111111111110, flags=SA_RESTART|SA_SIGINFO
   SIGQUIT: UserHandler in libjvm.so, mask=11100100010111111101111111111110, flags=SA_RESTART|SA_SIGINFO
  *** Handler was modified!
  *** Expected: javaSignalHandler in libjvm.so, mask=11100100110111111111111111111110, flags=SA_RESTART|SA_SIGINFO
   SIGTRAP: crash_handler in libjvm.so, mask=11100100010111111101111111111110, flags=SA_RESTART|SA_SIGINFO


---------------  S Y S T E M  ---------------

OS:
DISTRIB_ID=Ubuntu
DISTRIB_RELEASE=20.04
DISTRIB_CODENAME=focal
DISTRIB_DESCRIPTION="Ubuntu 20.04.2 LTS"
uname: Linux 5.19.0-1022-gcp #24~22.04.1-Ubuntu SMP Sun Apr 23 09:51:08 UTC 2023 x86_64
OS uptime: 0 days 6:20 hours
libc: glibc 2.35 NPTL 2.35 
rlimit (soft/hard): STACK 8192k/infinity , CORE infinity/infinity , NPROC infinity/infinity , NOFILE 5242/5242 , AS infinity/infinity , CPU infinity/infinity , DATA infinity/infinity , FSIZE infinity/infinity , MEMLOCK 8192k/8192k
load average: 8.99 11.78 11.89

/proc/meminfo:
MemTotal:       65852248 kB
MemFree:        15251344 kB
MemAvailable:   44893848 kB
Buffers:         2884724 kB
Cached:         25126420 kB
SwapCached:            0 kB
Active:         11253696 kB
Inactive:       35048800 kB
Active(anon):      15612 kB
Inactive(anon): 17994008 kB
Active(file):   11238084 kB
Inactive(file): 17054792 kB
Unevictable:       55848 kB
Mlocked:           55848 kB
SwapTotal:             0 kB
SwapFree:              0 kB
Zswap:                 0 kB
Zswapped:              0 kB
Dirty:              1628 kB
Writeback:           324 kB
AnonPages:      17111464 kB
Mapped:          1884060 kB
Shmem:             39868 kB
KReclaimable:    2076388 kB
Slab:            3188288 kB
SReclaimable:    2076388 kB
SUnreclaim:      1111900 kB
KernelStack:      421308 kB
PageTables:       194104 kB
NFS_Unstable:          0 kB
Bounce:                0 kB
WritebackTmp:          0 kB
CommitLimit:    32926124 kB
Committed_AS:   59832948 kB
VmallocTotal:   34359738367 kB
VmallocUsed:      459676 kB
VmallocChunk:          0 kB
Percpu:            52672 kB
HardwareCorrupted:     0 kB
AnonHugePages:   1222656 kB
ShmemHugePages:        0 kB
ShmemPmdMapped:        0 kB
FileHugePages:         0 kB
FilePmdMapped:         0 kB
HugePages_Total:       0
HugePages_Free:        0
HugePages_Rsvd:        0
HugePages_Surp:        0
Hugepagesize:       2048 kB
Hugetlb:               0 kB
DirectMap4k:     5391160 kB
DirectMap2M:    56471552 kB
DirectMap1G:     7340032 kB

/sys/kernel/mm/transparent_hugepage/enabled: always [madvise] never
/sys/kernel/mm/transparent_hugepage/defrag (defrag/compaction efforts parameter): always defer defer+madvise [madvise] never

Process Memory:
Virtual Size: 4855424K (peak: 4887360K)
Resident Set Size: 767180K (peak: 798520K) (anon: 572640K, file: 194540K, shmem: 0K)
Swapped out: 0K
C-Heap outstanding allocations: 43546K, retained: 15077K
glibc malloc tunables: (default)

/proc/sys/kernel/threads-max (system-wide limit on the number of threads): 514406
/proc/sys/vm/max_map_count (maximum number of memory map areas a process may have): 65530
/proc/sys/kernel/pid_max (system-wide limit on number of process identifiers): 4194304

container (cgroup) information:
container_type: cgroupv1
cpu_cpuset_cpus: 2-7
cpu_memory_nodes: 0
active_processor_count: 1
cpu_quota: 50000
cpu_period: 100000
cpu_shares: 512
memory_limit_in_bytes: 1048576 k
memory_and_swap_limit_in_bytes: 1048576 k
memory_soft_limit_in_bytes: 524288 k
memory_usage_in_bytes: 615460 k
memory_max_usage_in_bytes: 643344 k
maximum number of tasks: 1000
current number of tasks: 48

KVM virtualization detected
Steal ticks since vm start: 0
Steal ticks percentage since vm start:  0.000

CPU: total 8 (initial active 1) (8 cores per cpu, 2 threads per core) family 23 model 49 stepping 0 microcode 0xffffffff, cx8, cmov, fxsr, ht, mmx, 3dnowpref, sse, sse2, sse3, ssse3, sse4a, sse4.1, sse4.2, popcnt, lzcnt, tsc, tscinvbit, avx, avx2, aes, clmul, bmi1, bmi2, adx, sha, fma, vzeroupper, clflush, clflushopt, hv
CPU Model and flags from /proc/cpuinfo:
model name	: AMD EPYC 7B12
flags		: fpu vme de pse tsc msr pae mce cx8 apic sep mtrr pge mca cmov pat pse36 clflush mmx fxsr sse sse2 ht syscall nx mmxext fxsr_opt pdpe1gb rdtscp lm constant_tsc rep_good nopl nonstop_tsc cpuid extd_apicid tsc_known_freq pni pclmulqdq ssse3 fma cx16 sse4_1 sse4_2 movbe popcnt aes xsave avx f16c rdrand hypervisor lahf_lm cmp_legacy cr8_legacy abm sse4a misalignsse 3dnowprefetch osvw topoext ssbd ibrs ibpb stibp vmmcall fsgsbase tsc_adjust bmi1 avx2 smep bmi2 rdseed adx smap clflushopt clwb sha_ni xsaveopt xsavec xgetbv1 clzero xsaveerptr arat npt nrip_save umip rdpid

Online cpus: 0-7
Offline cpus: 
BIOS frequency limitation: <Not Available>
Frequency switch latency (ns): <Not Available>
Available cpu frequencies: <Not Available>
Current governor: <Not Available>
Core performance/turbo boost: <Not Available>

Memory: 4k page, physical 1048576k(433116k free), swap 0k(0k free)
Page Sizes: 4k

vm_info: OpenJDK 64-Bit Server VM (17.0.5+8-jvmci-22.3-b08) for linux-amd64 JRE (17.0.5+8-jvmci-22.3-b08), built on Oct 19 2022 09:01:27 by "buildslave" with gcc 10.3.0

END.
